Log file open, 03/12/18 11:00:36
LogWindows: Failed to load 'aqProf.dll' (GetLastError=126)
LogWindows: File 'aqProf.dll' does not exist
LogWindows: Failed to load 'VSPerf140.dll' (GetLastError=126)
LogWindows: File 'VSPerf140.dll' does not exist
LogWindows: Failed to load 'VtuneApi.dll' (GetLastError=126)
LogWindows: File 'VtuneApi.dll' does not exist
LogWindows: Failed to load 'VtuneApi32e.dll' (GetLastError=126)
LogWindows: File 'VtuneApi32e.dll' does not exist
LogInit: Display: Running engine for game: Project2D
LogPlatformFile: Not using cached read wrapper
LogInit: Display: RandInit(-1770127031) SRandInit(-1770127031).
LogInit: Read version file with build ID '3709383'
LogInit: Overriding engine version to CL 3832480, compatible CL 3709383
LogInit: Registered custom module enumerator with build ID '3709383'
LogTaskGraph: Started task graph with 5 named threads and 8 total threads with 3 sets of task threads.
LogStats: Stats thread started at 0.173508
LogD3D11RHI: Aftermath initialized
LogModuleManager: Display: Found up-to-date module file ../../../Engine/Plugins/2D/Paper2D/Binaries/Win64/UE4Editor-Paper2D.dll (API version 3709383).
LogModuleManager: Display: Found up-to-date module file ../../../Engine/Plugins/2D/Paper2D/Binaries/Win64/UE4Editor-Paper2DEditor.dll (API version 3709383).
LogModuleManager: Display: Found up-to-date module file ../../../Engine/Plugins/2D/Paper2D/Binaries/Win64/UE4Editor-PaperSpriteSheetImporter.dll (API version 3709383).
LogModuleManager: Display: Found up-to-date module file ../../../Engine/Plugins/2D/Paper2D/Binaries/Win64/UE4Editor-PaperTiledImporter.dll (API version 3709383).
LogModuleManager: Display: Found up-to-date module file ../../../Engine/Plugins/2D/Paper2D/Binaries/Win64/UE4Editor-SmartSnapping.dll (API version 3709383).
LogModuleManager: Display: Found up-to-date module file ../../../Engine/Plugins/Blendables/LightPropagationVolume/Binaries/Win64/UE4Editor-LightPropagationVolumeRuntime.dll (API version 3709383).
LogModuleManager: Display: Found up-to-date module file ../../../Engine/Plugins/Blendables/LightPropagationVolume/Binaries/Win64/UE4Editor-LightPropagationVolumeEditor.dll (API version 3709383).
LogModuleManager: Display: Found up-to-date module file ../../../Engine/Plugins/Developer/GitSourceControl/Binaries/Win64/UE4Editor-GitSourceControl.dll (API version 3709383).
LogModuleManager: Display: Found up-to-date module file ../../../Engine/Plugins/Developer/PerforceSourceControl/Binaries/Win64/UE4Editor-PerforceSourceControl.dll (API version 3709383).
LogModuleManager: Display: Found up-to-date module file ../../../Engine/Plugins/Developer/SubversionSourceControl/Binaries/Win64/UE4Editor-SubversionSourceControl.dll (API version 3709383).
LogModuleManager: Display: Found up-to-date module file ../../../Engine/Plugins/Developer/UObjectPlugin/Binaries/Win64/UE4Editor-UObjectPlugin.dll (API version 3709383).
LogModuleManager: Display: Found up-to-date module file ../../../Engine/Plugins/Developer/VisualStudioCodeSourceCodeAccess/Binaries/Win64/UE4Editor-VisualStudioCodeSourceCodeAccess.dll (API version 3709383).
LogModuleManager: Display: Found up-to-date module file ../../../Engine/Plugins/Developer/VisualStudioSourceCodeAccess/Binaries/Win64/UE4Editor-VisualStudioSourceCodeAccess.dll (API version 3709383).
LogModuleManager: Display: Found up-to-date module file ../../../Engine/Plugins/Editor/AssetManagerEditor/Binaries/Win64/UE4Editor-AssetManagerEditor.dll (API version 3709383).
LogModuleManager: Display: Found up-to-date module file ../../../Engine/Plugins/Editor/AudioCapture/Binaries/Win64/UE4Editor-AudioCapture.dll (API version 3709383).
LogModuleManager: Display: Found up-to-date module file ../../../Engine/Plugins/Editor/FacialAnimation/Binaries/Win64/UE4Editor-FacialAnimation.dll (API version 3709383).
LogModuleManager: Display: Found up-to-date module file ../../../Engine/Plugins/Editor/FacialAnimation/Binaries/Win64/UE4Editor-FacialAnimationEditor.dll (API version 3709383).
LogModuleManager: Display: Found up-to-date module file ../../../Engine/Plugins/Editor/GameplayTagsEditor/Binaries/Win64/UE4Editor-GameplayTagsEditor.dll (API version 3709383).
LogModuleManager: Display: Found up-to-date module file ../../../Engine/Plugins/Editor/MobileLauncherProfileWizard/Binaries/Win64/UE4Editor-MobileLauncherProfileWizard.dll (API version 3709383).
LogModuleManager: Display: Found up-to-date module file ../../../Engine/Plugins/Editor/PluginBrowser/Binaries/Win64/UE4Editor-PluginBrowser.dll (API version 3709383).
LogModuleManager: Display: Found up-to-date module file ../../../Engine/Plugins/Editor/SpeedTreeImporter/Binaries/Win64/UE4Editor-SpeedTreeImporter.dll (API version 3709383).
LogModuleManager: Display: Found up-to-date module file ../../../Engine/Plugins/Experimental/AlembicImporter/Binaries/Win64/UE4Editor-AlembicImporter.dll (API version 3709383).
LogModuleManager: Display: Found up-to-date module file ../../../Engine/Plugins/Experimental/AlembicImporter/Binaries/Win64/UE4Editor-AlembicLibrary.dll (API version 3709383).
LogModuleManager: Display: Found up-to-date module file ../../../Engine/Plugins/Experimental/CharacterAI/Binaries/Win64/UE4Editor-CharacterAI.dll (API version 3709383).
LogModuleManager: Display: Found up-to-date module file ../../../Engine/Plugins/Experimental/HTML5Networking/Binaries/Win64/UE4Editor-HTML5Networking.dll (API version 3709383).
LogModuleManager: Display: Found up-to-date module file ../../../Engine/Plugins/Media/AndroidMedia/Binaries/Win64/UE4Editor-AndroidMediaEditor.dll (API version 3709383).
LogModuleManager: Display: Found up-to-date module file ../../../Engine/Plugins/Media/AndroidMedia/Binaries/Win64/UE4Editor-AndroidMediaFactory.dll (API version 3709383).
LogModuleManager: Display: Found up-to-date module file ../../../Engine/Plugins/Media/AvfMedia/Binaries/Win64/UE4Editor-AvfMediaEditor.dll (API version 3709383).
LogModuleManager: Display: Found up-to-date module file ../../../Engine/Plugins/Media/AvfMedia/Binaries/Win64/UE4Editor-AvfMediaFactory.dll (API version 3709383).
LogModuleManager: Display: Found up-to-date module file ../../../Engine/Plugins/Media/AvfMedia/Binaries/Win64/UE4Editor-AvfMediaFactory.dll (API version 3709383).
LogModuleManager: Display: Found up-to-date module file ../../../Engine/Plugins/Media/ImgMedia/Binaries/Win64/UE4Editor-ImgMedia.dll (API version 3709383).
LogModuleManager: Display: Found up-to-date module file ../../../Engine/Plugins/Media/ImgMedia/Binaries/Win64/UE4Editor-ImgMediaEditor.dll (API version 3709383).
LogModuleManager: Display: Found up-to-date module file ../../../Engine/Plugins/Media/ImgMedia/Binaries/Win64/UE4Editor-ImgMediaFactory.dll (API version 3709383).
LogModuleManager: Display: Found up-to-date module file ../../../Engine/Plugins/Media/ImgMedia/Binaries/Win64/UE4Editor-ImgMediaFactory.dll (API version 3709383).
LogModuleManager: Display: Found up-to-date module file ../../../Engine/Plugins/Media/ImgMedia/Binaries/Win64/UE4Editor-OpenExrWrapper.dll (API version 3709383).
LogModuleManager: Display: Found up-to-date module file ../../../Engine/Plugins/Media/MediaCompositing/Binaries/Win64/UE4Editor-MediaCompositing.dll (API version 3709383).
LogModuleManager: Display: Found up-to-date module file ../../../Engine/Plugins/Media/MediaCompositing/Binaries/Win64/UE4Editor-MediaCompositingEditor.dll (API version 3709383).
LogModuleManager: Display: Found up-to-date module file ../../../Engine/Plugins/Media/MediaPlayerEditor/Binaries/Win64/UE4Editor-MediaPlayerEditor.dll (API version 3709383).
LogModuleManager: Display: Found up-to-date module file ../../../Engine/Plugins/Media/WmfMedia/Binaries/Win64/UE4Editor-WmfMedia.dll (API version 3709383).
LogModuleManager: Display: Found up-to-date module file ../../../Engine/Plugins/Media/WmfMedia/Binaries/Win64/UE4Editor-WmfMediaEditor.dll (API version 3709383).
LogModuleManager: Display: Found up-to-date module file ../../../Engine/Plugins/Media/WmfMedia/Binaries/Win64/UE4Editor-WmfMediaFactory.dll (API version 3709383).
LogModuleManager: Display: Found up-to-date module file ../../../Engine/Plugins/Media/WmfMedia/Binaries/Win64/UE4Editor-WmfMediaFactory.dll (API version 3709383).
LogModuleManager: Display: Found up-to-date module file ../../../Engine/Plugins/Messaging/TcpMessaging/Binaries/Win64/UE4Editor-TcpMessaging.dll (API version 3709383).
LogModuleManager: Display: Found up-to-date module file ../../../Engine/Plugins/Messaging/UdpMessaging/Binaries/Win64/UE4Editor-UdpMessaging.dll (API version 3709383).
LogModuleManager: Display: Found up-to-date module file ../../../Engine/Plugins/MovieScene/ActorSequence/Binaries/Win64/UE4Editor-ActorSequence.dll (API version 3709383).
LogModuleManager: Display: Found up-to-date module file ../../../Engine/Plugins/MovieScene/LevelSequenceEditor/Binaries/Win64/UE4Editor-LevelSequenceEditor.dll (API version 3709383).
LogModuleManager: Display: Found up-to-date module file ../../../Engine/Plugins/MovieScene/MatineeToLevelSequence/Binaries/Win64/UE4Editor-MatineeToLevelSequence.dll (API version 3709383).
LogModuleManager: Display: Found up-to-date module file ../../../Engine/Plugins/Online/OnlineSubsystem/Binaries/Win64/UE4Editor-OnlineSubsystem.dll (API version 3709383).
LogModuleManager: Display: Found up-to-date module file ../../../Engine/Plugins/Runtime/AndroidPermission/Binaries/Win64/UE4Editor-AndroidPermission.dll (API version 3709383).
LogModuleManager: Display: Found up-to-date module file ../../../Engine/Plugins/Online/OnlineSubsystemNull/Binaries/Win64/UE4Editor-OnlineSubsystemNull.dll (API version 3709383).
LogModuleManager: Display: Found up-to-date module file ../../../Engine/Plugins/Online/OnlineSubsystemUtils/Binaries/Win64/UE4Editor-OnlineSubsystemUtils.dll (API version 3709383).
LogModuleManager: Display: Found up-to-date module file ../../../Engine/Plugins/Online/OnlineSubsystemUtils/Binaries/Win64/UE4Editor-OnlineBlueprintSupport.dll (API version 3709383).
LogModuleManager: Display: Found up-to-date module file ../../../Engine/Plugins/Runtime/AndroidDeviceProfileSelector/Binaries/Win64/UE4Editor-AndroidDeviceProfileSelector.dll (API version 3709383).
LogModuleManager: Display: Found up-to-date module file ../../../Engine/Plugins/Runtime/AppleARKit/Binaries/Win64/UE4Editor-AppleARKit.dll (API version 3709383).
LogModuleManager: Display: Found up-to-date module file ../../../Engine/Plugins/Runtime/ArchVisCharacter/Binaries/Win64/UE4Editor-ArchVisCharacter.dll (API version 3709383).
LogModuleManager: Display: Found up-to-date module file ../../../Engine/Plugins/Runtime/CableComponent/Binaries/Win64/UE4Editor-CableComponent.dll (API version 3709383).
LogModuleManager: Display: Found up-to-date module file ../../../Engine/Plugins/Runtime/CustomMeshComponent/Binaries/Win64/UE4Editor-CustomMeshComponent.dll (API version 3709383).
LogModuleManager: Display: Found up-to-date module file ../../../Engine/Plugins/Runtime/ExampleDeviceProfileSelector/Binaries/Win64/UE4Editor-ExampleDeviceProfileSelector.dll (API version 3709383).
LogModuleManager: Display: Found up-to-date module file ../../../Engine/Plugins/Runtime/ImmediatePhysics/Binaries/Win64/UE4Editor-ImmediatePhysics.dll (API version 3709383).
LogModuleManager: Display: Found up-to-date module file ../../../Engine/Plugins/Runtime/ImmediatePhysics/Binaries/Win64/UE4Editor-ImmediatePhysicsEditor.dll (API version 3709383).
LogModuleManager: Display: Found up-to-date module file ../../../Engine/Plugins/Runtime/LocationServicesBPLibrary/Binaries/Win64/UE4Editor-LocationServicesBPLibrary.dll (API version 3709383).
LogModuleManager: Display: Found up-to-date module file ../../../Engine/Plugins/Runtime/MobilePatchingUtils/Binaries/Win64/UE4Editor-MobilePatchingUtils.dll (API version 3709383).
LogModuleManager: Display: Found up-to-date module file ../../../Engine/Plugins/Runtime/Oculus/OculusVR/Binaries/Win64/UE4Editor-OculusHMD.dll (API version 3709383).
LogModuleManager: Display: Found up-to-date module file ../../../Engine/Plugins/Runtime/Oculus/OculusVR/Binaries/Win64/UE4Editor-OculusInput.dll (API version 3709383).
LogModuleManager: Display: Found up-to-date module file ../../../Engine/Plugins/Runtime/Oculus/OculusVR/Binaries/Win64/UE4Editor-OculusEditor.dll (API version 3709383).
LogModuleManager: Display: Found up-to-date module file ../../../Engine/Plugins/Runtime/PhysXVehicles/Binaries/Win64/UE4Editor-PhysXVehicles.dll (API version 3709383).
LogModuleManager: Display: Found up-to-date module file ../../../Engine/Plugins/Runtime/PhysXVehicles/Binaries/Win64/UE4Editor-PhysXVehiclesEditor.dll (API version 3709383).
LogModuleManager: Display: Found up-to-date module file ../../../Engine/Plugins/Runtime/ProceduralMeshComponent/Binaries/Win64/UE4Editor-ProceduralMeshComponent.dll (API version 3709383).
LogModuleManager: Display: Found up-to-date module file ../../../Engine/Plugins/Runtime/ProceduralMeshComponent/Binaries/Win64/UE4Editor-ProceduralMeshComponentEditor.dll (API version 3709383).
LogModuleManager: Display: Found up-to-date module file ../../../Engine/Plugins/Runtime/RuntimePhysXCooking/Binaries/Win64/UE4Editor-RuntimePhysXCooking.dll (API version 3709383).
LogModuleManager: Display: Found up-to-date module file ../../../Engine/Plugins/Runtime/Steam/SteamVR/Binaries/Win64/UE4Editor-SteamVR.dll (API version 3709383).
LogModuleManager: Display: Found up-to-date module file ../../../Engine/Plugins/Runtime/Steam/SteamVR/Binaries/Win64/UE4Editor-SteamVRController.dll (API version 3709383).
LogModuleManager: Display: Found up-to-date module file ../../../Engine/Plugins/Runtime/WindowsMoviePlayer/Binaries/Win64/UE4Editor-WindowsMoviePlayer.dll (API version 3709383).
LogPluginManager: Mounting plugin Paper2D
LogPluginManager: Mounting plugin LightPropagationVolume
LogPluginManager: Mounting plugin CodeLiteSourceCodeAccess
LogPluginManager: Mounting plugin GitSourceControl
LogPluginManager: Mounting plugin KDevelopSourceCodeAccess
LogPluginManager: Mounting plugin NullSourceCodeAccess
LogPluginManager: Mounting plugin PerforceSourceControl
LogPluginManager: Mounting plugin SubversionSourceControl
LogPluginManager: Mounting plugin UObjectPlugin
LogPluginManager: Mounting plugin VisualStudioCodeSourceCodeAccess
LogPluginManager: Mounting plugin VisualStudioSourceCodeAccess
LogPluginManager: Mounting plugin XCodeSourceCodeAccess
LogPluginManager: Mounting plugin AssetManagerEditor
LogPluginManager: Mounting plugin AudioCapture
LogPluginManager: Mounting plugin FacialAnimation
LogPluginManager: Mounting plugin GameplayTagsEditor
LogPluginManager: Mounting plugin MobileLauncherProfileWizard
LogPluginManager: Mounting plugin PluginBrowser
LogPluginManager: Mounting plugin SpeedTreeImporter
LogPluginManager: Mounting plugin AlembicImporter
LogPluginManager: Mounting plugin CharacterAI
LogPluginManager: Mounting plugin HTML5Networking
LogPluginManager: Mounting plugin AndroidMedia
LogPluginManager: Mounting plugin AvfMedia
LogPluginManager: Mounting plugin ImgMedia
LogPluginManager: Mounting plugin MediaCompositing
LogPluginManager: Mounting plugin MediaPlayerEditor
LogPluginManager: Mounting plugin WmfMedia
LogPluginManager: Mounting plugin TcpMessaging
LogPluginManager: Mounting plugin UdpMessaging
LogPluginManager: Mounting plugin ActorSequence
LogPluginManager: Mounting plugin LevelSequenceEditor
LogPluginManager: Mounting plugin MatineeToLevelSequence
LogPluginManager: Mounting plugin OnlineSubsystemGooglePlay
LogPluginManager: Mounting plugin OnlineSubsystemIOS
LogPluginManager: Mounting plugin OnlineSubsystem
LogPluginManager: Mounting plugin OnlineSubsystemNull
LogPluginManager: Mounting plugin OnlineSubsystemUtils
LogPluginManager: Mounting plugin AndroidDeviceProfileSelector
LogPluginManager: Mounting plugin AndroidMoviePlayer
LogPluginManager: Mounting plugin AndroidPermission
LogPluginManager: Mounting plugin AppleARKit
LogPluginManager: Mounting plugin AppleMoviePlayer
LogPluginManager: Mounting plugin ArchVisCharacter
LogPluginManager: Mounting plugin CableComponent
LogPluginManager: Mounting plugin CustomMeshComponent
LogPluginManager: Mounting plugin ExampleDeviceProfileSelector
LogPluginManager: Mounting plugin GoogleCloudMessaging
LogPluginManager: Mounting plugin ImmediatePhysics
LogPluginManager: Mounting plugin IOSDeviceProfileSelector
LogPluginManager: Mounting plugin LinuxDeviceProfileSelector
LogPluginManager: Mounting plugin LocationServicesBPLibrary
LogPluginManager: Mounting plugin MobilePatchingUtils
LogPluginManager: Mounting plugin OculusVR
LogPluginManager: Plugin shader directory ../../../Engine/Plugins/Runtime/Oculus/OculusVR/Shaders found
LogPluginManager: Mapping shader source directory ../../../Engine/Plugins/Runtime/Oculus/OculusVR/Shaders to virtual directory /Plugin/OculusVR
LogPluginManager: Mounting plugin PhysXVehicles
LogPluginManager: Mounting plugin ProceduralMeshComponent
LogPluginManager: Mounting plugin RuntimePhysXCooking
LogPluginManager: Mounting plugin SteamVR
LogPluginManager: Mounting plugin WindowsMoviePlayer
LogInit: Using libcurl 7.47.1
LogInit:  - built for x86_64-pc-win32
LogInit:  - supports SSL with OpenSSL/1.0.2g
LogInit:  - supports HTTP deflate (compression) using libz 1.2.8
LogInit:  - other features:
LogInit:      CURL_VERSION_SSL
LogInit:      CURL_VERSION_LIBZ
LogInit:      CURL_VERSION_IPV6
LogInit:      CURL_VERSION_ASYNCHDNS
LogInit:      CURL_VERSION_LARGEFILE
LogInit:      CURL_VERSION_IDN
LogInit:  CurlRequestOptions (configurable via config and command line):
LogInit:  - bVerifyPeer = false  - Libcurl will NOT verify peer certificate
LogInit:  - bUseHttpProxy = false  - Libcurl will NOT use HTTP proxy
LogInit:  - bDontReuseConnections = false  - Libcurl will reuse connections
LogInit:  - CertBundlePath = nullptr  - Libcurl will use whatever was configured at build time.
LogInit: Build: ++UE4+Release-4.18-CL-3832480
LogInit: Engine Version: 4.18.3-3832480+++UE4+Release-4.18
LogInit: Compatible Engine Version: 4.18.0-3709383+++UE4+Release-4.18
LogInit: Net CL: 3709383
LogDevObjectVersion: Number of dev versions registered: 16
LogDevObjectVersion:   Dev-Blueprints (B0D832E4-1F89-4F0D-ACCF-7EB736FD4AA2): 10
LogDevObjectVersion:   Dev-Build (E1C64328-A22C-4D53-A36C-8E866417BD8C): 0
LogDevObjectVersion:   Dev-Core (375EC13C-06E4-48FB-B500-84F0262A717E): 2
LogDevObjectVersion:   Dev-Editor (E4B068ED-F494-42E9-A231-DA0B2E46BB41): 20
LogDevObjectVersion:   Dev-Framework (CFFC743F-43B0-4480-9391-14DF171D2073): 30
LogDevObjectVersion:   Dev-Mobile (B02B49B5-BB20-44E9-A304-32B752E40360): 0
LogDevObjectVersion:   Dev-Networking (A4E4105C-59A1-49B5-A7C5-40C4547EDFEE): 0
LogDevObjectVersion:   Dev-Online (39C831C9-5AE6-47DC-9A44-9C173E1C8E7C): 0
LogDevObjectVersion:   Dev-Physics (78F01B33-EBEA-4F98-B9B4-84EACCB95AA2): 0
LogDevObjectVersion:   Dev-Platform (6631380F-2D4D-43E0-8009-CF276956A95A): 0
LogDevObjectVersion:   Dev-Rendering (12F88B9F-8875-4AFC-A67C-D90C383ABD29): 20
LogDevObjectVersion:   Dev-Sequencer (7B5AE74C-D270-4C10-A958-57980B212A5A): 4
LogDevObjectVersion:   Dev-VR (D7296918-1DD6-4BDD-9DE2-64A83CC13884): 0
LogDevObjectVersion:   Dev-LoadTimes (C2A15278-BFE7-4AFE-6C17-90FF531DF755): 1
LogDevObjectVersion:   Private-Geometry (6EACA3D4-40EC-4CC1-B786-8BED09428FC5): 1
LogDevObjectVersion:   Dev-AnimPhys (29E575DD-E0A3-4627-9D10-D276232CDCEA): 12
LogInit: Compiled (64-bit): Jan 12 2018 02:04:55
LogInit: Compiled with Visual C++: 19.00.24215.01
LogInit: Build Configuration: Development
LogInit: Branch Name: ++UE4+Release-4.18
LogInit: Command line: -EpicPortal 
LogInit: Base directory: C:/Program Files/Epic Games/UE_4.18/Engine/Binaries/Win64/
LogInit: Installed Engine Build: 1
LogInit: Presizing for max 8388607 objects, including 0 objects not considered by GC, pre-allocating 0 bytes for permanent pool.
LogInit: Object subsystem initialized
[2018.03.12-01.00.39:839][  0]LogInit: Selected Device Profile: [Windows]
[2018.03.12-01.00.39:839][  0]LogInit: Applying CVar settings loaded from the selected device profile: [Windows]
[2018.03.12-01.00.39:958][  0]LogInit: Computer: ERIK-T-4S72OJR
[2018.03.12-01.00.39:958][  0]LogInit: User: trave
[2018.03.12-01.00.39:958][  0]LogInit: CPU Page size=4096, Cores=2
[2018.03.12-01.00.39:958][  0]LogInit: High frequency timer resolution =2.648437 MHz
[2018.03.12-01.00.39:960][  0]LogMemory: Memory total: Physical=7.9GB (8GB approx)
[2018.03.12-01.00.39:961][  0]LogMemory: Platform Memory Stats for Windows
[2018.03.12-01.00.39:961][  0]LogMemory: Process Physical Memory: 273.54 MB used, 273.54 MB peak
[2018.03.12-01.00.39:961][  0]LogMemory: Process Virtual Memory: 269.56 MB used, 269.56 MB peak
[2018.03.12-01.00.39:961][  0]LogMemory: Physical Memory: 5392.41 MB used,  2724.66 MB free, 8117.07 MB total
[2018.03.12-01.00.39:961][  0]LogMemory: Virtual Memory: 673.83 MB used,  2724.66 MB free, 134217728.00 MB total
[2018.03.12-01.00.40:287][  0]LogInit: Using OS detected language (en-US).
[2018.03.12-01.00.40:287][  0]LogInit: Using OS detected locale (en-US).
[2018.03.12-01.00.40:297][  0]LogTextLocalizationManager: No specific localization for 'en-US' exists, so the 'en' localization will be used.
[2018.03.12-01.00.40:937][  0]LogInit: Setting process to per monitor DPI aware
[2018.03.12-01.00.41:401][  0]LogD3D11RHI: D3D11 adapters:
[2018.03.12-01.00.41:416][  0]LogD3D11RHI:    0. 'Intel(R) HD Graphics 620' (Feature Level 11_0)
[2018.03.12-01.00.41:416][  0]LogD3D11RHI:       128/0/4058 MB DedicatedVideo/DedicatedSystem/SharedSystem, Outputs:1, VendorId:0x8086
[2018.03.12-01.00.41:419][  0]LogD3D11RHI:    1. 'Microsoft Basic Render Driver' (Feature Level 11_0)
[2018.03.12-01.00.41:419][  0]LogD3D11RHI:       0/0/4058 MB DedicatedVideo/DedicatedSystem/SharedSystem, Outputs:0, VendorId:0x1414
[2018.03.12-01.00.41:419][  0]LogD3D11RHI: Chosen D3D11 Adapter: 0
[2018.03.12-01.00.41:429][  0]LogD3D11RHI: Creating new Direct3DDevice
[2018.03.12-01.00.41:430][  0]LogD3D11RHI:     GPU DeviceId: 0x5916 (for the marketing name, search the web for "GPU Device Id")
[2018.03.12-01.00.41:430][  0]LogWindows: EnumDisplayDevices:
[2018.03.12-01.00.41:430][  0]LogWindows:    0. 'Intel(R) HD Graphics 620' (P:1 D:1)
[2018.03.12-01.00.41:430][  0]LogWindows:    1. 'Intel(R) HD Graphics 620' (P:0 D:0)
[2018.03.12-01.00.41:430][  0]LogWindows:    2. 'Intel(R) HD Graphics 620' (P:0 D:0)
[2018.03.12-01.00.41:431][  0]LogWindows: DebugString: GetVideoDriverDetailsInvalid PrimaryIsNotTheChoosenAdapter GetVideoDriverDetailsInvalid PrimaryIsNotTheChoosenAdapter GetVideoDriverDetailsInvalid PrimaryIsNotTheChoosenAdapter FoundDriverCount:0 
[2018.03.12-01.00.41:431][  0]LogD3D11RHI:     Adapter Name: Intel(R) HD Graphics 620
[2018.03.12-01.00.41:431][  0]LogD3D11RHI:   Driver Version: Unknown (internal:Unknown, unified:Unknown)
[2018.03.12-01.00.41:431][  0]LogD3D11RHI:      Driver Date: Unknown
[2018.03.12-01.00.41:431][  0]LogRHI: Texture pool is 1510 MB (70% of 2157 MB)
[2018.03.12-01.00.41:441][  0]LogD3D11RHI: Async texture creation enabled
[2018.03.12-01.00.41:449][  0]LogD3D11RHI: GPU Timing Frequency: 12.000000 (Debug: 2 0)
[2018.03.12-01.00.41:451][  0]LogShaderCompilers: Guid format shader working directory is -19 characters bigger than the processId version (../../../../../../Users/trave/Documents/Unreal Projects/Project2D/Intermediate/Shaders/WorkingDirectory/2576/).
[2018.03.12-01.00.41:451][  0]LogShaderCompilers: Cleaned the shader compiler working directory 'C:/Users/trave/AppData/Local/Temp/UnrealShaderWorkingDir/2C0DF89E4940FB4D6437DAA2F12E051F/'.
[2018.03.12-01.00.41:451][  0]LogShaderCompilers: Display: Using Local Shader Compiler.
[2018.03.12-01.00.42:830][  0]LogTemp: Display: Loaded TP AllDesktopTargetPlatform
[2018.03.12-01.00.42:915][  0]LogTemp: Display: Loaded TP MacClientTargetPlatform
[2018.03.12-01.00.42:997][  0]LogTemp: Display: Loaded TP MacNoEditorTargetPlatform
[2018.03.12-01.00.43:166][  0]LogTemp: Display: Loaded TP MacServerTargetPlatform
[2018.03.12-01.00.43:345][  0]LogTemp: Display: Loaded TP MacTargetPlatform
[2018.03.12-01.00.43:488][  0]LogTemp: Display: Loaded TP WindowsClientTargetPlatform
[2018.03.12-01.00.43:584][  0]LogTemp: Display: Loaded TP WindowsNoEditorTargetPlatform
[2018.03.12-01.00.43:677][  0]LogTemp: Display: Loaded TP WindowsServerTargetPlatform
[2018.03.12-01.00.43:761][  0]LogTemp: Display: Loaded TP WindowsTargetPlatform
[2018.03.12-01.00.43:854][  0]LogTemp: Display: Loaded TP Android_ASTCTargetPlatform
[2018.03.12-01.00.43:987][  0]LogTemp: Display: Loaded TP Android_ATCTargetPlatform
[2018.03.12-01.00.44:081][  0]LogTemp: Display: Loaded TP Android_DXTTargetPlatform
[2018.03.12-01.00.44:176][  0]LogTemp: Display: Loaded TP Android_ETC1TargetPlatform
[2018.03.12-01.00.44:271][  0]LogTemp: Display: Loaded TP Android_ETC2TargetPlatform
[2018.03.12-01.00.44:443][  0]LogTemp: Display: Loaded TP Android_MultiTargetPlatform
[2018.03.12-01.00.44:443][  0]LogTemp: Display: Loaded TP Android_PVRTCTargetPlatform
[2018.03.12-01.00.44:525][  0]LogTemp: Display: Loaded TP AndroidTargetPlatform
[2018.03.12-01.00.44:592][  0]LogTemp: Display: Loaded TP HTML5TargetPlatform
[2018.03.12-01.00.44:723][  0]LogTemp: Display: Loaded TP IOSTargetPlatform
[2018.03.12-01.00.44:763][  0]LogTemp: Display: Loaded TP TVOSTargetPlatform
[2018.03.12-01.00.44:848][  0]LogTemp: Display: Loaded TP LinuxClientTargetPlatform
[2018.03.12-01.00.44:930][  0]LogTemp: Display: Loaded TP LinuxNoEditorTargetPlatform
[2018.03.12-01.00.45:009][  0]LogTemp: Display: Loaded TP LinuxServerTargetPlatform
[2018.03.12-01.00.45:089][  0]LogTemp: Display: Loaded TP LinuxTargetPlatform
[2018.03.12-01.00.45:089][  0]LogTargetPlatformManager: Display: Building Assets For Windows
[2018.03.12-01.00.45:877][  0]LogDerivedDataCache: Display: Max Cache Size: 512 MB
[2018.03.12-01.00.45:968][  0]LogDerivedDataCache: Loaded boot cache 0.09s 78MB C:/Users/trave/AppData/Local/UnrealEngine/4.18/DerivedDataCache/Boot.ddc.
[2018.03.12-01.00.45:969][  0]LogDerivedDataCache: Display: Loaded Boot cache: C:/Users/trave/AppData/Local/UnrealEngine/4.18/DerivedDataCache/Boot.ddc
[2018.03.12-01.00.45:969][  0]LogDerivedDataCache: FDerivedDataBackendGraph:  Pak pak cache file ../../../../../../Users/trave/Documents/Unreal Projects/Project2D/DerivedDataCache/DDC.ddp not found, will not use a pak cache.
[2018.03.12-01.00.45:969][  0]LogDerivedDataCache: Unable to find inner node Pak for hierarchical cache Hierarchy.
[2018.03.12-01.00.45:969][  0]LogDerivedDataCache: FDerivedDataBackendGraph:  CompressedPak pak cache file ../../../../../../Users/trave/Documents/Unreal Projects/Project2D/DerivedDataCache/Compressed.ddp not found, will not use a pak cache.
[2018.03.12-01.00.45:969][  0]LogDerivedDataCache: Unable to find inner node CompressedPak for hierarchical cache Hierarchy.
[2018.03.12-01.00.45:988][  0]LogDerivedDataCache: Display: Pak cache opened for reading ../../../Engine/DerivedDataCache/Compressed.ddp.
[2018.03.12-01.00.46:002][  0]LogDerivedDataCache: Using Local data cache path C:/Users/trave/AppData/Local/UnrealEngine/Common/DerivedDataCache: Writable
[2018.03.12-01.00.46:015][  0]LogMaterial: Verifying Global Shaders for PCD3D_SM5
[2018.03.12-01.00.46:015][  0]LogSlate: Using Freetype 2.6.0
[2018.03.12-01.00.46:016][  0]LogSlate: SlateFontCache - WITH_FREETYPE: 1, WITH_HARFBUZZ: 1
[2018.03.12-01.00.46:016][  0]LogSlate: SlateFontCache - WITH_FREETYPE: 1, WITH_HARFBUZZ: 1
[2018.03.12-01.00.46:543][  0]LogInit: Selected Device Profile: [Windows]
[2018.03.12-01.00.47:086][  0]LogSimplygon: Simplygon DLL not present - disabling.
[2018.03.12-01.00.47:168][  0]LogMeshReduction: Using SimplygonSwarm for distributed automatic mesh merging
[2018.03.12-01.00.47:168][  0]LogMeshReduction: Using QuadricMeshReduction for automatic static mesh reduction
[2018.03.12-01.00.47:168][  0]LogMeshReduction: No automatic skeletal mesh reduction module available
[2018.03.12-01.00.47:168][  0]LogMeshReduction: No automatic mesh merging module available
[2018.03.12-01.00.47:168][  0]LogMeshMerging: No automatic mesh merging module available
[2018.03.12-01.00.47:218][  0]LogNetVersion: Project2D , NetCL: 3709383, EngineNetVer: 2, GameNetVer: 0 (Checksum: 1403738329)
[2018.03.12-01.00.47:530][  0]LogAssetRegistry: FAssetRegistry took 0.0287 seconds to start up
[2018.03.12-01.00.48:658][  0]LogPackageLocalizationCache: Processed 7 localized package path(s) for 2 prioritized culture(s) in 0.240798 seconds
[2018.03.12-01.00.48:681][  0]LogUObjectArray: 35870 objects as part of root set at end of initial load.
[2018.03.12-01.00.48:681][  0]LogUObjectAllocator: 7363696 out of 0 bytes used by permanent object pool.
[2018.03.12-01.00.48:681][  0]LogUObjectArray: CloseDisregardForGC: 0/0 objects in disregard for GC pool
[2018.03.12-01.00.49:058][  0]LogInit: WinSock: version 1.1 (2.2), MaxSocks=32767, MaxUdp=65467
[2018.03.12-01.00.57:082][  0]LogTcpMessaging: Initializing TcpMessaging bridge
[2018.03.12-01.00.57:267][  0]LogUdpMessaging: Initializing bridge on interface 0.0.0.0:0 to multicast group 230.0.0.1:6666.
[2018.03.12-01.00.59:515][  0]LogMaterial: Uniform references updated for custom material expression Custom.
[2018.03.12-01.01.00:984][  0]SourceControl: Source control is disabled
[2018.03.12-01.01.00:984][  0]SourceControl: Source control is disabled
[2018.03.12-01.01.01:187][  0]SourceControl: Source control is disabled
[2018.03.12-01.01.01:374][  0]SourceControl: Source control is disabled
[2018.03.12-01.01.04:117][  0]LogAndroidPermission: UAndroidPermissionCallbackProxy::GetInstance
[2018.03.12-01.01.05:113][  0]LogOcInput: OculusInput pre-init called
[2018.03.12-01.01.06:177][  0]LogEngine: Initializing Engine...
[2018.03.12-01.01.06:182][  0]LogHMD: Failed to initialize OpenVR with code 110
[2018.03.12-01.01.06:740][  0]LogStats: UGameplayTagsManager::ConstructGameplayTagTree: Construct from data asset -  0.000 s
[2018.03.12-01.01.06:741][  0]LogStats: UGameplayTagsManager::ConstructGameplayTagTree: GameplayTagTreeChangedEvent.Broadcast -  0.000 s
[2018.03.12-01.01.07:282][  0]LogAIModule: Creating AISystem for world Untitled
[2018.03.12-01.01.07:307][  0]LogInit: XAudio2 using 'Speakers (Realtek High Definition Audio(SST))' : 2 channels at 48 kHz using 32 bits per sample (channel mask 0x3)
[2018.03.12-01.01.07:467][  0]LogInit: FAudioDevice initialized.
[2018.03.12-01.01.07:769][  0]LogDerivedDataCache: Saved boot cache 0.30s 78MB C:/Users/trave/AppData/Local/UnrealEngine/4.18/DerivedDataCache/Boot.ddc.
[2018.03.12-01.01.07:801][  0]LogInit: Texture streaming: Enabled
[2018.03.12-01.01.08:016][  0]LogEngineSessionManager: EngineSessionManager initialized
[2018.03.12-01.01.08:323][  0]LogInit: Transaction tracking system initialized
[2018.03.12-01.01.08:913][  0]BlueprintLog: New page: Editor Load
[2018.03.12-01.01.10:302][  0]LogInit: Warning: CVar named 'r.MobileHDR' marked up in RendererSettings was not found or is set to read-only
[2018.03.12-01.01.10:659][  0]LocalizationService: Localization service is disabled
[2018.03.12-01.01.12:601][  0]LogConsoleResponse: Display: 
[2018.03.12-01.01.13:053][  0]LogCook: Display: Max memory allowance for cook 16384mb min free memory 0mb
[2018.03.12-01.01.13:053][  0]LogCook: Display: Mobile HDR setting 1
[2018.03.12-01.01.13:054][  0]LogGameplayTags: Display: UGameplayTagsManager::DoneAddingNativeTags. DelegateIsBound: 0
[2018.03.12-01.01.14:038][  0]LogFileCache: Scanning file cache for directory 'C:/Users/trave/Documents/Unreal Projects/Project2D/Content/' took 0.01s
[2018.03.12-01.01.15:303][  0]SourceControl: Source control is disabled
[2018.03.12-01.01.15:368][  0]LogFactory: FactoryCreateFile: PackFactory with PackFactory (0 0 C:/Program Files/Epic Games/UE_4.18/FeaturePacks/StarterContent.upack)
[2018.03.12-01.01.15:415][  0]LogPackFactory: Finished extracting 8 files (including 0 errors).
[2018.03.12-01.01.15:441][  0]LogPackFactory: Copied "../../../Samples/StarterContent/Content/StarterContent/Architecture/Floor_400x400.uasset" to "../../../../../../Users/trave/Documents/Unreal Projects/Project2D/Content/StarterContent/Architecture/Floor_400x400.uasset"
[2018.03.12-01.01.15:449][  0]LogPackFactory: Copied "../../../Samples/StarterContent/Content/StarterContent/Architecture/Pillar_50x500.uasset" to "../../../../../../Users/trave/Documents/Unreal Projects/Project2D/Content/StarterContent/Architecture/Pillar_50x500.uasset"
[2018.03.12-01.01.15:464][  0]LogPackFactory: Copied "../../../Samples/StarterContent/Content/StarterContent/Architecture/SM_AssetPlatform.uasset" to "../../../../../../Users/trave/Documents/Unreal Projects/Project2D/Content/StarterContent/Architecture/SM_AssetPlatform.uasset"
[2018.03.12-01.01.15:470][  0]LogPackFactory: Copied "../../../Samples/StarterContent/Content/StarterContent/Architecture/Wall_400x200.uasset" to "../../../../../../Users/trave/Documents/Unreal Projects/Project2D/Content/StarterContent/Architecture/Wall_400x200.uasset"
[2018.03.12-01.01.15:478][  0]LogPackFactory: Copied "../../../Samples/StarterContent/Content/StarterContent/Architecture/Wall_400x300.uasset" to "../../../../../../Users/trave/Documents/Unreal Projects/Project2D/Content/StarterContent/Architecture/Wall_400x300.uasset"
[2018.03.12-01.01.15:489][  0]LogPackFactory: Copied "../../../Samples/StarterContent/Content/StarterContent/Architecture/Wall_400x400.uasset" to "../../../../../../Users/trave/Documents/Unreal Projects/Project2D/Content/StarterContent/Architecture/Wall_400x400.uasset"
[2018.03.12-01.01.15:495][  0]LogPackFactory: Copied "../../../Samples/StarterContent/Content/StarterContent/Architecture/Wall_500x500.uasset" to "../../../../../../Users/trave/Documents/Unreal Projects/Project2D/Content/StarterContent/Architecture/Wall_500x500.uasset"
[2018.03.12-01.01.15:502][  0]LogPackFactory: Copied "../../../Samples/StarterContent/Content/StarterContent/Architecture/Wall_Door_400x300.uasset" to "../../../../../../Users/trave/Documents/Unreal Projects/Project2D/Content/StarterContent/Architecture/Wall_Door_400x300.uasset"
[2018.03.12-01.01.15:509][  0]LogPackFactory: Copied "../../../Samples/StarterContent/Content/StarterContent/Architecture/Wall_Door_400x400.uasset" to "../../../../../../Users/trave/Documents/Unreal Projects/Project2D/Content/StarterContent/Architecture/Wall_Door_400x400.uasset"
[2018.03.12-01.01.15:516][  0]LogPackFactory: Copied "../../../Samples/StarterContent/Content/StarterContent/Architecture/Wall_Window_400x300.uasset" to "../../../../../../Users/trave/Documents/Unreal Projects/Project2D/Content/StarterContent/Architecture/Wall_Window_400x300.uasset"
[2018.03.12-01.01.15:525][  0]LogPackFactory: Copied "../../../Samples/StarterContent/Content/StarterContent/Architecture/Wall_Window_400x400.uasset" to "../../../../../../Users/trave/Documents/Unreal Projects/Project2D/Content/StarterContent/Architecture/Wall_Window_400x400.uasset"
[2018.03.12-01.01.15:532][  0]LogPackFactory: Copied "../../../Samples/StarterContent/Content/StarterContent/Audio/Collapse01.uasset" to "../../../../../../Users/trave/Documents/Unreal Projects/Project2D/Content/StarterContent/Audio/Collapse01.uasset"
[2018.03.12-01.01.15:538][  0]LogPackFactory: Copied "../../../Samples/StarterContent/Content/StarterContent/Audio/Collapse02.uasset" to "../../../../../../Users/trave/Documents/Unreal Projects/Project2D/Content/StarterContent/Audio/Collapse02.uasset"
[2018.03.12-01.01.15:543][  0]LogPackFactory: Copied "../../../Samples/StarterContent/Content/StarterContent/Audio/Collapse_Cue.uasset" to "../../../../../../Users/trave/Documents/Unreal Projects/Project2D/Content/StarterContent/Audio/Collapse_Cue.uasset"
[2018.03.12-01.01.15:549][  0]LogPackFactory: Copied "../../../Samples/StarterContent/Content/StarterContent/Audio/Explosion01.uasset" to "../../../../../../Users/trave/Documents/Unreal Projects/Project2D/Content/StarterContent/Audio/Explosion01.uasset"
[2018.03.12-01.01.15:558][  0]LogPackFactory: Copied "../../../Samples/StarterContent/Content/StarterContent/Audio/Explosion02.uasset" to "../../../../../../Users/trave/Documents/Unreal Projects/Project2D/Content/StarterContent/Audio/Explosion02.uasset"
[2018.03.12-01.01.15:561][  0]LogPackFactory: Copied "../../../Samples/StarterContent/Content/StarterContent/Audio/Explosion_Cue.uasset" to "../../../../../../Users/trave/Documents/Unreal Projects/Project2D/Content/StarterContent/Audio/Explosion_Cue.uasset"
[2018.03.12-01.01.15:570][  0]LogPackFactory: Copied "../../../Samples/StarterContent/Content/StarterContent/Audio/Fire01.uasset" to "../../../../../../Users/trave/Documents/Unreal Projects/Project2D/Content/StarterContent/Audio/Fire01.uasset"
[2018.03.12-01.01.15:574][  0]LogPackFactory: Copied "../../../Samples/StarterContent/Content/StarterContent/Audio/Fire01_Cue.uasset" to "../../../../../../Users/trave/Documents/Unreal Projects/Project2D/Content/StarterContent/Audio/Fire01_Cue.uasset"
[2018.03.12-01.01.15:587][  0]LogPackFactory: Copied "../../../Samples/StarterContent/Content/StarterContent/Audio/Fire_Sparks01.uasset" to "../../../../../../Users/trave/Documents/Unreal Projects/Project2D/Content/StarterContent/Audio/Fire_Sparks01.uasset"
[2018.03.12-01.01.15:591][  0]LogPackFactory: Copied "../../../Samples/StarterContent/Content/StarterContent/Audio/Fire_Sparks01_Cue.uasset" to "../../../../../../Users/trave/Documents/Unreal Projects/Project2D/Content/StarterContent/Audio/Fire_Sparks01_Cue.uasset"
[2018.03.12-01.01.15:598][  0]LogPackFactory: Copied "../../../Samples/StarterContent/Content/StarterContent/Audio/Light01.uasset" to "../../../../../../Users/trave/Documents/Unreal Projects/Project2D/Content/StarterContent/Audio/Light01.uasset"
[2018.03.12-01.01.15:604][  0]LogPackFactory: Copied "../../../Samples/StarterContent/Content/StarterContent/Audio/Light01_Cue.uasset" to "../../../../../../Users/trave/Documents/Unreal Projects/Project2D/Content/StarterContent/Audio/Light01_Cue.uasset"
[2018.03.12-01.01.15:758][  0]LogPackFactory: Copied "../../../Samples/StarterContent/Content/StarterContent/Audio/Light02.uasset" to "../../../../../../Users/trave/Documents/Unreal Projects/Project2D/Content/StarterContent/Audio/Light02.uasset"
[2018.03.12-01.01.15:895][  0]LogPackFactory: Copied "../../../Samples/StarterContent/Content/StarterContent/Audio/Light02_Cue.uasset" to "../../../../../../Users/trave/Documents/Unreal Projects/Project2D/Content/StarterContent/Audio/Light02_Cue.uasset"
[2018.03.12-01.01.16:410][  0]LogPackFactory: Copied "../../../Samples/StarterContent/Content/StarterContent/Audio/Smoke01.uasset" to "../../../../../../Users/trave/Documents/Unreal Projects/Project2D/Content/StarterContent/Audio/Smoke01.uasset"
[2018.03.12-01.01.16:531][  0]LogPackFactory: Copied "../../../Samples/StarterContent/Content/StarterContent/Audio/Smoke01_Cue.uasset" to "../../../../../../Users/trave/Documents/Unreal Projects/Project2D/Content/StarterContent/Audio/Smoke01_Cue.uasset"
[2018.03.12-01.01.16:796][  0]LogPackFactory: Copied "../../../Samples/StarterContent/Content/StarterContent/Audio/Starter_Background_Cue.uasset" to "../../../../../../Users/trave/Documents/Unreal Projects/Project2D/Content/StarterContent/Audio/Starter_Background_Cue.uasset"
[2018.03.12-01.01.17:530][  0]LogPackFactory: Copied "../../../Samples/StarterContent/Content/StarterContent/Audio/Starter_Birds01.uasset" to "../../../../../../Users/trave/Documents/Unreal Projects/Project2D/Content/StarterContent/Audio/Starter_Birds01.uasset"
[2018.03.12-01.01.17:814][  0]LogPackFactory: Copied "../../../Samples/StarterContent/Content/StarterContent/Audio/Starter_Music01.uasset" to "../../../../../../Users/trave/Documents/Unreal Projects/Project2D/Content/StarterContent/Audio/Starter_Music01.uasset"
[2018.03.12-01.01.17:820][  0]LogPackFactory: Copied "../../../Samples/StarterContent/Content/StarterContent/Audio/Starter_Music_Cue.uasset" to "../../../../../../Users/trave/Documents/Unreal Projects/Project2D/Content/StarterContent/Audio/Starter_Music_Cue.uasset"
[2018.03.12-01.01.17:847][  0]LogPackFactory: Copied "../../../Samples/StarterContent/Content/StarterContent/Audio/Starter_Wind05.uasset" to "../../../../../../Users/trave/Documents/Unreal Projects/Project2D/Content/StarterContent/Audio/Starter_Wind05.uasset"
[2018.03.12-01.01.17:868][  0]LogPackFactory: Copied "../../../Samples/StarterContent/Content/StarterContent/Audio/Starter_Wind06.uasset" to "../../../../../../Users/trave/Documents/Unreal Projects/Project2D/Content/StarterContent/Audio/Starter_Wind06.uasset"
[2018.03.12-01.01.17:880][  0]LogPackFactory: Copied "../../../Samples/StarterContent/Content/StarterContent/Audio/Steam01.uasset" to "../../../../../../Users/trave/Documents/Unreal Projects/Project2D/Content/StarterContent/Audio/Steam01.uasset"
[2018.03.12-01.01.17:884][  0]LogPackFactory: Copied "../../../Samples/StarterContent/Content/StarterContent/Audio/Steam01_Cue.uasset" to "../../../../../../Users/trave/Documents/Unreal Projects/Project2D/Content/StarterContent/Audio/Steam01_Cue.uasset"
[2018.03.12-01.01.17:893][  0]LogPackFactory: Copied "../../../Samples/StarterContent/Content/StarterContent/Blueprints/Blueprint_CeilingLight.uasset" to "../../../../../../Users/trave/Documents/Unreal Projects/Project2D/Content/StarterContent/Blueprints/Blueprint_CeilingLight.uasset"
[2018.03.12-01.01.17:897][  0]LogPackFactory: Copied "../../../Samples/StarterContent/Content/StarterContent/Blueprints/Blueprint_Effect_Explosion.uasset" to "../../../../../../Users/trave/Documents/Unreal Projects/Project2D/Content/StarterContent/Blueprints/Blueprint_Effect_Explosion.uasset"
[2018.03.12-01.01.17:901][  0]LogPackFactory: Copied "../../../Samples/StarterContent/Content/StarterContent/Blueprints/Blueprint_Effect_Fire.uasset" to "../../../../../../Users/trave/Documents/Unreal Projects/Project2D/Content/StarterContent/Blueprints/Blueprint_Effect_Fire.uasset"
[2018.03.12-01.01.17:905][  0]LogPackFactory: Copied "../../../Samples/StarterContent/Content/StarterContent/Blueprints/Blueprint_Effect_Smoke.uasset" to "../../../../../../Users/trave/Documents/Unreal Projects/Project2D/Content/StarterContent/Blueprints/Blueprint_Effect_Smoke.uasset"
[2018.03.12-01.01.17:909][  0]LogPackFactory: Copied "../../../Samples/StarterContent/Content/StarterContent/Blueprints/Blueprint_Effect_Sparks.uasset" to "../../../../../../Users/trave/Documents/Unreal Projects/Project2D/Content/StarterContent/Blueprints/Blueprint_Effect_Sparks.uasset"
[2018.03.12-01.01.17:913][  0]LogPackFactory: Copied "../../../Samples/StarterContent/Content/StarterContent/Blueprints/Blueprint_Effect_Steam.uasset" to "../../../../../../Users/trave/Documents/Unreal Projects/Project2D/Content/StarterContent/Blueprints/Blueprint_Effect_Steam.uasset"
[2018.03.12-01.01.17:921][  0]LogPackFactory: Copied "../../../Samples/StarterContent/Content/StarterContent/Blueprints/Blueprint_WallSconce.uasset" to "../../../../../../Users/trave/Documents/Unreal Projects/Project2D/Content/StarterContent/Blueprints/Blueprint_WallSconce.uasset"
[2018.03.12-01.01.17:928][  0]LogPackFactory: Copied "../../../Samples/StarterContent/Content/StarterContent/Blueprints/BP_LightStudio.uasset" to "../../../../../../Users/trave/Documents/Unreal Projects/Project2D/Content/StarterContent/Blueprints/BP_LightStudio.uasset"
[2018.03.12-01.01.17:933][  0]LogPackFactory: Copied "../../../Samples/StarterContent/Content/StarterContent/Blueprints/Assets/FogBrightnessLUT.uasset" to "../../../../../../Users/trave/Documents/Unreal Projects/Project2D/Content/StarterContent/Blueprints/Assets/FogBrightnessLUT.uasset"
[2018.03.12-01.01.17:938][  0]LogPackFactory: Copied "../../../Samples/StarterContent/Content/StarterContent/Blueprints/Assets/M_LightStage_Arrows.uasset" to "../../../../../../Users/trave/Documents/Unreal Projects/Project2D/Content/StarterContent/Blueprints/Assets/M_LightStage_Arrows.uasset"
[2018.03.12-01.01.17:943][  0]LogPackFactory: Copied "../../../Samples/StarterContent/Content/StarterContent/Blueprints/Assets/M_LightStage_Skybox_Black.uasset" to "../../../../../../Users/trave/Documents/Unreal Projects/Project2D/Content/StarterContent/Blueprints/Assets/M_LightStage_Skybox_Black.uasset"
[2018.03.12-01.01.17:948][  0]LogPackFactory: Copied "../../../Samples/StarterContent/Content/StarterContent/Blueprints/Assets/M_LightStage_Skybox_HDRI.uasset" to "../../../../../../Users/trave/Documents/Unreal Projects/Project2D/Content/StarterContent/Blueprints/Assets/M_LightStage_Skybox_HDRI.uasset"
[2018.03.12-01.01.17:957][  0]LogPackFactory: Copied "../../../Samples/StarterContent/Content/StarterContent/Blueprints/Assets/M_LightStage_Skybox_Master.uasset" to "../../../../../../Users/trave/Documents/Unreal Projects/Project2D/Content/StarterContent/Blueprints/Assets/M_LightStage_Skybox_Master.uasset"
[2018.03.12-01.01.17:969][  0]LogPackFactory: Copied "../../../Samples/StarterContent/Content/StarterContent/Blueprints/Assets/Skybox.uasset" to "../../../../../../Users/trave/Documents/Unreal Projects/Project2D/Content/StarterContent/Blueprints/Assets/Skybox.uasset"
[2018.03.12-01.01.17:978][  0]LogPackFactory: Copied "../../../Samples/StarterContent/Content/StarterContent/Blueprints/Assets/SM_Arrows.uasset" to "../../../../../../Users/trave/Documents/Unreal Projects/Project2D/Content/StarterContent/Blueprints/Assets/SM_Arrows.uasset"
[2018.03.12-01.01.17:983][  0]LogPackFactory: Copied "../../../Samples/StarterContent/Content/StarterContent/Blueprints/Assets/SunlightColorLUT.uasset" to "../../../../../../Users/trave/Documents/Unreal Projects/Project2D/Content/StarterContent/Blueprints/Assets/SunlightColorLUT.uasset"
[2018.03.12-01.01.18:871][  0]LogPackFactory: Copied "../../../Samples/StarterContent/Content/StarterContent/HDRI/HDRI_Epic_Courtyard_Daylight.uasset" to "../../../../../../Users/trave/Documents/Unreal Projects/Project2D/Content/StarterContent/HDRI/HDRI_Epic_Courtyard_Daylight.uasset"
[2018.03.12-01.01.18:893][  0]LogPackFactory: Copied "../../../Samples/StarterContent/Content/StarterContent/Maps/Advanced_Lighting.umap" to "../../../../../../Users/trave/Documents/Unreal Projects/Project2D/Content/StarterContent/Maps/Advanced_Lighting.umap"
[2018.03.12-01.01.18:925][  0]LogPackFactory: Copied "../../../Samples/StarterContent/Content/StarterContent/Maps/Advanced_Lighting_BuiltData.uasset" to "../../../../../../Users/trave/Documents/Unreal Projects/Project2D/Content/StarterContent/Maps/Advanced_Lighting_BuiltData.uasset"
[2018.03.12-01.01.18:976][  0]LogPackFactory: Copied "../../../Samples/StarterContent/Content/StarterContent/Maps/Minimal_Default.umap" to "../../../../../../Users/trave/Documents/Unreal Projects/Project2D/Content/StarterContent/Maps/Minimal_Default.umap"
[2018.03.12-01.01.18:996][  0]LogPackFactory: Copied "../../../Samples/StarterContent/Content/StarterContent/Maps/Minimal_Default_BuiltData.uasset" to "../../../../../../Users/trave/Documents/Unreal Projects/Project2D/Content/StarterContent/Maps/Minimal_Default_BuiltData.uasset"
[2018.03.12-01.01.19:083][  0]LogPackFactory: Copied "../../../Samples/StarterContent/Content/StarterContent/Maps/StarterMap.umap" to "../../../../../../Users/trave/Documents/Unreal Projects/Project2D/Content/StarterContent/Maps/StarterMap.umap"
[2018.03.12-01.01.19:243][  0]LogPackFactory: Copied "../../../Samples/StarterContent/Content/StarterContent/Maps/StarterMap_BuiltData.uasset" to "../../../../../../Users/trave/Documents/Unreal Projects/Project2D/Content/StarterContent/Maps/StarterMap_BuiltData.uasset"
[2018.03.12-01.01.19:261][  0]LogPackFactory: Copied "../../../Samples/StarterContent/Content/StarterContent/Materials/M_AssetPlatform.uasset" to "../../../../../../Users/trave/Documents/Unreal Projects/Project2D/Content/StarterContent/Materials/M_AssetPlatform.uasset"
[2018.03.12-01.01.19:280][  0]LogPackFactory: Copied "../../../Samples/StarterContent/Content/StarterContent/Materials/M_Basic_Floor.uasset" to "../../../../../../Users/trave/Documents/Unreal Projects/Project2D/Content/StarterContent/Materials/M_Basic_Floor.uasset"
[2018.03.12-01.01.19:299][  0]LogPackFactory: Copied "../../../Samples/StarterContent/Content/StarterContent/Materials/M_Basic_Wall.uasset" to "../../../../../../Users/trave/Documents/Unreal Projects/Project2D/Content/StarterContent/Materials/M_Basic_Wall.uasset"
[2018.03.12-01.01.19:321][  0]LogPackFactory: Copied "../../../Samples/StarterContent/Content/StarterContent/Materials/M_Brick_Clay_Beveled.uasset" to "../../../../../../Users/trave/Documents/Unreal Projects/Project2D/Content/StarterContent/Materials/M_Brick_Clay_Beveled.uasset"
[2018.03.12-01.01.19:340][  0]LogPackFactory: Copied "../../../Samples/StarterContent/Content/StarterContent/Materials/M_Brick_Clay_New.uasset" to "../../../../../../Users/trave/Documents/Unreal Projects/Project2D/Content/StarterContent/Materials/M_Brick_Clay_New.uasset"
[2018.03.12-01.01.19:358][  0]LogPackFactory: Copied "../../../Samples/StarterContent/Content/StarterContent/Materials/M_Brick_Clay_Old.uasset" to "../../../../../../Users/trave/Documents/Unreal Projects/Project2D/Content/StarterContent/Materials/M_Brick_Clay_Old.uasset"
[2018.03.12-01.01.19:370][  0]LogPackFactory: Copied "../../../Samples/StarterContent/Content/StarterContent/Materials/M_Brick_Cut_Stone.uasset" to "../../../../../../Users/trave/Documents/Unreal Projects/Project2D/Content/StarterContent/Materials/M_Brick_Cut_Stone.uasset"
[2018.03.12-01.01.19:384][  0]LogPackFactory: Copied "../../../Samples/StarterContent/Content/StarterContent/Materials/M_Brick_Hewn_Stone.uasset" to "../../../../../../Users/trave/Documents/Unreal Projects/Project2D/Content/StarterContent/Materials/M_Brick_Hewn_Stone.uasset"
[2018.03.12-01.01.19:400][  0]LogPackFactory: Copied "../../../Samples/StarterContent/Content/StarterContent/Materials/M_Ceramic_Tile_Checker.uasset" to "../../../../../../Users/trave/Documents/Unreal Projects/Project2D/Content/StarterContent/Materials/M_Ceramic_Tile_Checker.uasset"
[2018.03.12-01.01.19:418][  0]LogPackFactory: Copied "../../../Samples/StarterContent/Content/StarterContent/Materials/M_CobbleStone_Pebble.uasset" to "../../../../../../Users/trave/Documents/Unreal Projects/Project2D/Content/StarterContent/Materials/M_CobbleStone_Pebble.uasset"
[2018.03.12-01.01.19:441][  0]LogPackFactory: Copied "../../../Samples/StarterContent/Content/StarterContent/Materials/M_CobbleStone_Rough.uasset" to "../../../../../../Users/trave/Documents/Unreal Projects/Project2D/Content/StarterContent/Materials/M_CobbleStone_Rough.uasset"
[2018.03.12-01.01.19:461][  0]LogPackFactory: Copied "../../../Samples/StarterContent/Content/StarterContent/Materials/M_CobbleStone_Smooth.uasset" to "../../../../../../Users/trave/Documents/Unreal Projects/Project2D/Content/StarterContent/Materials/M_CobbleStone_Smooth.uasset"
[2018.03.12-01.01.19:478][  0]LogPackFactory: Copied "../../../Samples/StarterContent/Content/StarterContent/Materials/M_ColorGrid_LowSpec.uasset" to "../../../../../../Users/trave/Documents/Unreal Projects/Project2D/Content/StarterContent/Materials/M_ColorGrid_LowSpec.uasset"
[2018.03.12-01.01.19:497][  0]LogPackFactory: Copied "../../../Samples/StarterContent/Content/StarterContent/Materials/M_Concrete_Grime.uasset" to "../../../../../../Users/trave/Documents/Unreal Projects/Project2D/Content/StarterContent/Materials/M_Concrete_Grime.uasset"
[2018.03.12-01.01.19:512][  0]LogPackFactory: Copied "../../../Samples/StarterContent/Content/StarterContent/Materials/M_Concrete_Panels.uasset" to "../../../../../../Users/trave/Documents/Unreal Projects/Project2D/Content/StarterContent/Materials/M_Concrete_Panels.uasset"
[2018.03.12-01.01.19:529][  0]LogPackFactory: Copied "../../../Samples/StarterContent/Content/StarterContent/Materials/M_Concrete_Poured.uasset" to "../../../../../../Users/trave/Documents/Unreal Projects/Project2D/Content/StarterContent/Materials/M_Concrete_Poured.uasset"
[2018.03.12-01.01.19:543][  0]LogPackFactory: Copied "../../../Samples/StarterContent/Content/StarterContent/Materials/M_Concrete_Tiles.uasset" to "../../../../../../Users/trave/Documents/Unreal Projects/Project2D/Content/StarterContent/Materials/M_Concrete_Tiles.uasset"
[2018.03.12-01.01.19:556][  0]LogPackFactory: Copied "../../../Samples/StarterContent/Content/StarterContent/Materials/M_Glass.uasset" to "../../../../../../Users/trave/Documents/Unreal Projects/Project2D/Content/StarterContent/Materials/M_Glass.uasset"
[2018.03.12-01.01.19:577][  0]LogPackFactory: Copied "../../../Samples/StarterContent/Content/StarterContent/Materials/M_Ground_Grass.uasset" to "../../../../../../Users/trave/Documents/Unreal Projects/Project2D/Content/StarterContent/Materials/M_Ground_Grass.uasset"
[2018.03.12-01.01.19:595][  0]LogPackFactory: Copied "../../../Samples/StarterContent/Content/StarterContent/Materials/M_Ground_Gravel.uasset" to "../../../../../../Users/trave/Documents/Unreal Projects/Project2D/Content/StarterContent/Materials/M_Ground_Gravel.uasset"
[2018.03.12-01.01.19:609][  0]LogPackFactory: Copied "../../../Samples/StarterContent/Content/StarterContent/Materials/M_Ground_Moss.uasset" to "../../../../../../Users/trave/Documents/Unreal Projects/Project2D/Content/StarterContent/Materials/M_Ground_Moss.uasset"
[2018.03.12-01.01.19:625][  0]LogPackFactory: Copied "../../../Samples/StarterContent/Content/StarterContent/Materials/M_Metal_Brushed_Nickel.uasset" to "../../../../../../Users/trave/Documents/Unreal Projects/Project2D/Content/StarterContent/Materials/M_Metal_Brushed_Nickel.uasset"
[2018.03.12-01.01.19:641][  0]LogPackFactory: Copied "../../../Samples/StarterContent/Content/StarterContent/Materials/M_Metal_Burnished_Steel.uasset" to "../../../../../../Users/trave/Documents/Unreal Projects/Project2D/Content/StarterContent/Materials/M_Metal_Burnished_Steel.uasset"
[2018.03.12-01.01.19:657][  0]LogPackFactory: Copied "../../../Samples/StarterContent/Content/StarterContent/Materials/M_Metal_Chrome.uasset" to "../../../../../../Users/trave/Documents/Unreal Projects/Project2D/Content/StarterContent/Materials/M_Metal_Chrome.uasset"
[2018.03.12-01.01.19:676][  0]LogPackFactory: Copied "../../../Samples/StarterContent/Content/StarterContent/Materials/M_Metal_Copper.uasset" to "../../../../../../Users/trave/Documents/Unreal Projects/Project2D/Content/StarterContent/Materials/M_Metal_Copper.uasset"
[2018.03.12-01.01.19:683][  0]LogPackFactory: Copied "../../../Samples/StarterContent/Content/StarterContent/Materials/M_Metal_Gold.uasset" to "../../../../../../Users/trave/Documents/Unreal Projects/Project2D/Content/StarterContent/Materials/M_Metal_Gold.uasset"
[2018.03.12-01.01.19:691][  0]LogPackFactory: Copied "../../../Samples/StarterContent/Content/StarterContent/Materials/M_Metal_Rust.uasset" to "../../../../../../Users/trave/Documents/Unreal Projects/Project2D/Content/StarterContent/Materials/M_Metal_Rust.uasset"
[2018.03.12-01.01.19:698][  0]LogPackFactory: Copied "../../../Samples/StarterContent/Content/StarterContent/Materials/M_Metal_Steel.uasset" to "../../../../../../Users/trave/Documents/Unreal Projects/Project2D/Content/StarterContent/Materials/M_Metal_Steel.uasset"
[2018.03.12-01.01.19:705][  0]LogPackFactory: Copied "../../../Samples/StarterContent/Content/StarterContent/Materials/M_Rock_Basalt.uasset" to "../../../../../../Users/trave/Documents/Unreal Projects/Project2D/Content/StarterContent/Materials/M_Rock_Basalt.uasset"
[2018.03.12-01.01.19:712][  0]LogPackFactory: Copied "../../../Samples/StarterContent/Content/StarterContent/Materials/M_Rock_Marble_Polished.uasset" to "../../../../../../Users/trave/Documents/Unreal Projects/Project2D/Content/StarterContent/Materials/M_Rock_Marble_Polished.uasset"
[2018.03.12-01.01.19:723][  0]LogPackFactory: Copied "../../../Samples/StarterContent/Content/StarterContent/Materials/M_Rock_Sandstone.uasset" to "../../../../../../Users/trave/Documents/Unreal Projects/Project2D/Content/StarterContent/Materials/M_Rock_Sandstone.uasset"
[2018.03.12-01.01.19:730][  0]LogPackFactory: Copied "../../../Samples/StarterContent/Content/StarterContent/Materials/M_Rock_Slate.uasset" to "../../../../../../Users/trave/Documents/Unreal Projects/Project2D/Content/StarterContent/Materials/M_Rock_Slate.uasset"
[2018.03.12-01.01.19:737][  0]LogPackFactory: Copied "../../../Samples/StarterContent/Content/StarterContent/Materials/M_Tech_Checker_Dot.uasset" to "../../../../../../Users/trave/Documents/Unreal Projects/Project2D/Content/StarterContent/Materials/M_Tech_Checker_Dot.uasset"
[2018.03.12-01.01.19:745][  0]LogPackFactory: Copied "../../../Samples/StarterContent/Content/StarterContent/Materials/M_Tech_Hex_Tile.uasset" to "../../../../../../Users/trave/Documents/Unreal Projects/Project2D/Content/StarterContent/Materials/M_Tech_Hex_Tile.uasset"
[2018.03.12-01.01.19:756][  0]LogPackFactory: Copied "../../../Samples/StarterContent/Content/StarterContent/Materials/M_Tech_Hex_Tile_Pulse.uasset" to "../../../../../../Users/trave/Documents/Unreal Projects/Project2D/Content/StarterContent/Materials/M_Tech_Hex_Tile_Pulse.uasset"
[2018.03.12-01.01.19:762][  0]LogPackFactory: Copied "../../../Samples/StarterContent/Content/StarterContent/Materials/M_Tech_Panel.uasset" to "../../../../../../Users/trave/Documents/Unreal Projects/Project2D/Content/StarterContent/Materials/M_Tech_Panel.uasset"
[2018.03.12-01.01.19:768][  0]LogPackFactory: Copied "../../../Samples/StarterContent/Content/StarterContent/Materials/M_Water_Lake.uasset" to "../../../../../../Users/trave/Documents/Unreal Projects/Project2D/Content/StarterContent/Materials/M_Water_Lake.uasset"
[2018.03.12-01.01.19:776][  0]LogPackFactory: Copied "../../../Samples/StarterContent/Content/StarterContent/Materials/M_Water_Ocean.uasset" to "../../../../../../Users/trave/Documents/Unreal Projects/Project2D/Content/StarterContent/Materials/M_Water_Ocean.uasset"
[2018.03.12-01.01.19:784][  0]LogPackFactory: Copied "../../../Samples/StarterContent/Content/StarterContent/Materials/M_Wood_Floor_Walnut_Polished.uasset" to "../../../../../../Users/trave/Documents/Unreal Projects/Project2D/Content/StarterContent/Materials/M_Wood_Floor_Walnut_Polished.uasset"
[2018.03.12-01.01.19:791][  0]LogPackFactory: Copied "../../../Samples/StarterContent/Content/StarterContent/Materials/M_Wood_Floor_Walnut_Worn.uasset" to "../../../../../../Users/trave/Documents/Unreal Projects/Project2D/Content/StarterContent/Materials/M_Wood_Floor_Walnut_Worn.uasset"
[2018.03.12-01.01.19:798][  0]LogPackFactory: Copied "../../../Samples/StarterContent/Content/StarterContent/Materials/M_Wood_Oak.uasset" to "../../../../../../Users/trave/Documents/Unreal Projects/Project2D/Content/StarterContent/Materials/M_Wood_Oak.uasset"
[2018.03.12-01.01.19:815][  0]LogPackFactory: Copied "../../../Samples/StarterContent/Content/StarterContent/Materials/M_Wood_Pine.uasset" to "../../../../../../Users/trave/Documents/Unreal Projects/Project2D/Content/StarterContent/Materials/M_Wood_Pine.uasset"
[2018.03.12-01.01.19:823][  0]LogPackFactory: Copied "../../../Samples/StarterContent/Content/StarterContent/Materials/M_Wood_Walnut.uasset" to "../../../../../../Users/trave/Documents/Unreal Projects/Project2D/Content/StarterContent/Materials/M_Wood_Walnut.uasset"
[2018.03.12-01.01.19:828][  0]LogPackFactory: Copied "../../../Samples/StarterContent/Content/StarterContent/Particles/P_Ambient_Dust.uasset" to "../../../../../../Users/trave/Documents/Unreal Projects/Project2D/Content/StarterContent/Particles/P_Ambient_Dust.uasset"
[2018.03.12-01.01.19:837][  0]LogPackFactory: Copied "../../../Samples/StarterContent/Content/StarterContent/Particles/P_Explosion.uasset" to "../../../../../../Users/trave/Documents/Unreal Projects/Project2D/Content/StarterContent/Particles/P_Explosion.uasset"
[2018.03.12-01.01.19:849][  0]LogPackFactory: Copied "../../../Samples/StarterContent/Content/StarterContent/Particles/P_Fire.uasset" to "../../../../../../Users/trave/Documents/Unreal Projects/Project2D/Content/StarterContent/Particles/P_Fire.uasset"
[2018.03.12-01.01.19:857][  0]LogPackFactory: Copied "../../../Samples/StarterContent/Content/StarterContent/Particles/P_Smoke.uasset" to "../../../../../../Users/trave/Documents/Unreal Projects/Project2D/Content/StarterContent/Particles/P_Smoke.uasset"
[2018.03.12-01.01.19:864][  0]LogPackFactory: Copied "../../../Samples/StarterContent/Content/StarterContent/Particles/P_Sparks.uasset" to "../../../../../../Users/trave/Documents/Unreal Projects/Project2D/Content/StarterContent/Particles/P_Sparks.uasset"
[2018.03.12-01.01.19:870][  0]LogPackFactory: Copied "../../../Samples/StarterContent/Content/StarterContent/Particles/P_Steam_Lit.uasset" to "../../../../../../Users/trave/Documents/Unreal Projects/Project2D/Content/StarterContent/Particles/P_Steam_Lit.uasset"
[2018.03.12-01.01.19:878][  0]LogPackFactory: Copied "../../../Samples/StarterContent/Content/StarterContent/Particles/Materials/M_Burst.uasset" to "../../../../../../Users/trave/Documents/Unreal Projects/Project2D/Content/StarterContent/Particles/Materials/M_Burst.uasset"
[2018.03.12-01.01.19:887][  0]LogPackFactory: Copied "../../../Samples/StarterContent/Content/StarterContent/Particles/Materials/M_Dust_Particle.uasset" to "../../../../../../Users/trave/Documents/Unreal Projects/Project2D/Content/StarterContent/Particles/Materials/M_Dust_Particle.uasset"
[2018.03.12-01.01.19:893][  0]LogPackFactory: Copied "../../../Samples/StarterContent/Content/StarterContent/Particles/Materials/M_explosion_subUV.uasset" to "../../../../../../Users/trave/Documents/Unreal Projects/Project2D/Content/StarterContent/Particles/Materials/M_explosion_subUV.uasset"
[2018.03.12-01.01.19:899][  0]LogPackFactory: Copied "../../../Samples/StarterContent/Content/StarterContent/Particles/Materials/M_Fire_SubUV.uasset" to "../../../../../../Users/trave/Documents/Unreal Projects/Project2D/Content/StarterContent/Particles/Materials/M_Fire_SubUV.uasset"
[2018.03.12-01.01.19:906][  0]LogPackFactory: Copied "../../../Samples/StarterContent/Content/StarterContent/Particles/Materials/m_flare_01.uasset" to "../../../../../../Users/trave/Documents/Unreal Projects/Project2D/Content/StarterContent/Particles/Materials/m_flare_01.uasset"
[2018.03.12-01.01.19:913][  0]LogPackFactory: Copied "../../../Samples/StarterContent/Content/StarterContent/Particles/Materials/M_Heat_Distortion.uasset" to "../../../../../../Users/trave/Documents/Unreal Projects/Project2D/Content/StarterContent/Particles/Materials/M_Heat_Distortion.uasset"
[2018.03.12-01.01.19:921][  0]LogPackFactory: Copied "../../../Samples/StarterContent/Content/StarterContent/Particles/Materials/M_Radial_Gradient.uasset" to "../../../../../../Users/trave/Documents/Unreal Projects/Project2D/Content/StarterContent/Particles/Materials/M_Radial_Gradient.uasset"
[2018.03.12-01.01.19:926][  0]LogPackFactory: Copied "../../../Samples/StarterContent/Content/StarterContent/Particles/Materials/M_radial_ramp.uasset" to "../../../../../../Users/trave/Documents/Unreal Projects/Project2D/Content/StarterContent/Particles/Materials/M_radial_ramp.uasset"
[2018.03.12-01.01.19:933][  0]LogPackFactory: Copied "../../../Samples/StarterContent/Content/StarterContent/Particles/Materials/M_smoke_subUV.uasset" to "../../../../../../Users/trave/Documents/Unreal Projects/Project2D/Content/StarterContent/Particles/Materials/M_smoke_subUV.uasset"
[2018.03.12-01.01.19:941][  0]LogPackFactory: Copied "../../../Samples/StarterContent/Content/StarterContent/Particles/Materials/M_Spark.uasset" to "../../../../../../Users/trave/Documents/Unreal Projects/Project2D/Content/StarterContent/Particles/Materials/M_Spark.uasset"
[2018.03.12-01.01.19:953][  0]LogPackFactory: Copied "../../../Samples/StarterContent/Content/StarterContent/Props/MaterialSphere.uasset" to "../../../../../../Users/trave/Documents/Unreal Projects/Project2D/Content/StarterContent/Props/MaterialSphere.uasset"
[2018.03.12-01.01.19:959][  0]LogPackFactory: Copied "../../../Samples/StarterContent/Content/StarterContent/Props/SM_Bush.uasset" to "../../../../../../Users/trave/Documents/Unreal Projects/Project2D/Content/StarterContent/Props/SM_Bush.uasset"
[2018.03.12-01.01.19:969][  0]LogPackFactory: Copied "../../../Samples/StarterContent/Content/StarterContent/Props/SM_Chair.uasset" to "../../../../../../Users/trave/Documents/Unreal Projects/Project2D/Content/StarterContent/Props/SM_Chair.uasset"
[2018.03.12-01.01.19:975][  0]LogPackFactory: Copied "../../../Samples/StarterContent/Content/StarterContent/Props/SM_CornerFrame.uasset" to "../../../../../../Users/trave/Documents/Unreal Projects/Project2D/Content/StarterContent/Props/SM_CornerFrame.uasset"
[2018.03.12-01.01.19:983][  0]LogPackFactory: Copied "../../../Samples/StarterContent/Content/StarterContent/Props/SM_Couch.uasset" to "../../../../../../Users/trave/Documents/Unreal Projects/Project2D/Content/StarterContent/Props/SM_Couch.uasset"
[2018.03.12-01.01.19:990][  0]LogPackFactory: Copied "../../../Samples/StarterContent/Content/StarterContent/Props/SM_Door.uasset" to "../../../../../../Users/trave/Documents/Unreal Projects/Project2D/Content/StarterContent/Props/SM_Door.uasset"
[2018.03.12-01.01.19:995][  0]LogPackFactory: Copied "../../../Samples/StarterContent/Content/StarterContent/Props/SM_DoorFrame.uasset" to "../../../../../../Users/trave/Documents/Unreal Projects/Project2D/Content/StarterContent/Props/SM_DoorFrame.uasset"
[2018.03.12-01.01.20:000][  0]LogPackFactory: Copied "../../../Samples/StarterContent/Content/StarterContent/Props/SM_GlassWindow.uasset" to "../../../../../../Users/trave/Documents/Unreal Projects/Project2D/Content/StarterContent/Props/SM_GlassWindow.uasset"
[2018.03.12-01.01.20:008][  0]LogPackFactory: Copied "../../../Samples/StarterContent/Content/StarterContent/Props/SM_Lamp_Ceiling.uasset" to "../../../../../../Users/trave/Documents/Unreal Projects/Project2D/Content/StarterContent/Props/SM_Lamp_Ceiling.uasset"
[2018.03.12-01.01.20:016][  0]LogPackFactory: Copied "../../../Samples/StarterContent/Content/StarterContent/Props/SM_Lamp_Wall.uasset" to "../../../../../../Users/trave/Documents/Unreal Projects/Project2D/Content/StarterContent/Props/SM_Lamp_Wall.uasset"
[2018.03.12-01.01.20:040][  0]LogPackFactory: Copied "../../../Samples/StarterContent/Content/StarterContent/Props/SM_MatPreviewMesh_02.uasset" to "../../../../../../Users/trave/Documents/Unreal Projects/Project2D/Content/StarterContent/Props/SM_MatPreviewMesh_02.uasset"
[2018.03.12-01.01.20:046][  0]LogPackFactory: Copied "../../../Samples/StarterContent/Content/StarterContent/Props/SM_PillarFrame.uasset" to "../../../../../../Users/trave/Documents/Unreal Projects/Project2D/Content/StarterContent/Props/SM_PillarFrame.uasset"
[2018.03.12-01.01.20:052][  0]LogPackFactory: Copied "../../../Samples/StarterContent/Content/StarterContent/Props/SM_PillarFrame300.uasset" to "../../../../../../Users/trave/Documents/Unreal Projects/Project2D/Content/StarterContent/Props/SM_PillarFrame300.uasset"
[2018.03.12-01.01.20:057][  0]LogPackFactory: Copied "../../../Samples/StarterContent/Content/StarterContent/Props/SM_Rock.uasset" to "../../../../../../Users/trave/Documents/Unreal Projects/Project2D/Content/StarterContent/Props/SM_Rock.uasset"
[2018.03.12-01.01.20:065][  0]LogPackFactory: Copied "../../../Samples/StarterContent/Content/StarterContent/Props/SM_Shelf.uasset" to "../../../../../../Users/trave/Documents/Unreal Projects/Project2D/Content/StarterContent/Props/SM_Shelf.uasset"
[2018.03.12-01.01.20:069][  0]LogPackFactory: Copied "../../../Samples/StarterContent/Content/StarterContent/Props/SM_Stairs.uasset" to "../../../../../../Users/trave/Documents/Unreal Projects/Project2D/Content/StarterContent/Props/SM_Stairs.uasset"
[2018.03.12-01.01.20:077][  0]LogPackFactory: Copied "../../../Samples/StarterContent/Content/StarterContent/Props/SM_Statue.uasset" to "../../../../../../Users/trave/Documents/Unreal Projects/Project2D/Content/StarterContent/Props/SM_Statue.uasset"
[2018.03.12-01.01.20:088][  0]LogPackFactory: Copied "../../../Samples/StarterContent/Content/StarterContent/Props/SM_TableRound.uasset" to "../../../../../../Users/trave/Documents/Unreal Projects/Project2D/Content/StarterContent/Props/SM_TableRound.uasset"
[2018.03.12-01.01.20:092][  0]LogPackFactory: Copied "../../../Samples/StarterContent/Content/StarterContent/Props/SM_WindowFrame.uasset" to "../../../../../../Users/trave/Documents/Unreal Projects/Project2D/Content/StarterContent/Props/SM_WindowFrame.uasset"
[2018.03.12-01.01.20:098][  0]LogPackFactory: Copied "../../../Samples/StarterContent/Content/StarterContent/Props/Materials/M_Bush.uasset" to "../../../../../../Users/trave/Documents/Unreal Projects/Project2D/Content/StarterContent/Props/Materials/M_Bush.uasset"
[2018.03.12-01.01.20:103][  0]LogPackFactory: Copied "../../../Samples/StarterContent/Content/StarterContent/Props/Materials/M_Chair.uasset" to "../../../../../../Users/trave/Documents/Unreal Projects/Project2D/Content/StarterContent/Props/Materials/M_Chair.uasset"
[2018.03.12-01.01.20:108][  0]LogPackFactory: Copied "../../../Samples/StarterContent/Content/StarterContent/Props/Materials/M_Door.uasset" to "../../../../../../Users/trave/Documents/Unreal Projects/Project2D/Content/StarterContent/Props/Materials/M_Door.uasset"
[2018.03.12-01.01.20:112][  0]LogPackFactory: Copied "../../../Samples/StarterContent/Content/StarterContent/Props/Materials/M_Frame.uasset" to "../../../../../../Users/trave/Documents/Unreal Projects/Project2D/Content/StarterContent/Props/Materials/M_Frame.uasset"
[2018.03.12-01.01.20:120][  0]LogPackFactory: Copied "../../../Samples/StarterContent/Content/StarterContent/Props/Materials/M_Lamp.uasset" to "../../../../../../Users/trave/Documents/Unreal Projects/Project2D/Content/StarterContent/Props/Materials/M_Lamp.uasset"
[2018.03.12-01.01.20:127][  0]LogPackFactory: Copied "../../../Samples/StarterContent/Content/StarterContent/Props/Materials/M_MaterialSphere.uasset" to "../../../../../../Users/trave/Documents/Unreal Projects/Project2D/Content/StarterContent/Props/Materials/M_MaterialSphere.uasset"
[2018.03.12-01.01.20:130][  0]LogPackFactory: Copied "../../../Samples/StarterContent/Content/StarterContent/Props/Materials/M_MaterialSphere_Plain.uasset" to "../../../../../../Users/trave/Documents/Unreal Projects/Project2D/Content/StarterContent/Props/Materials/M_MaterialSphere_Plain.uasset"
[2018.03.12-01.01.20:134][  0]LogPackFactory: Copied "../../../Samples/StarterContent/Content/StarterContent/Props/Materials/M_Rock.uasset" to "../../../../../../Users/trave/Documents/Unreal Projects/Project2D/Content/StarterContent/Props/Materials/M_Rock.uasset"
[2018.03.12-01.01.20:141][  0]LogPackFactory: Copied "../../../Samples/StarterContent/Content/StarterContent/Props/Materials/M_Shelf.uasset" to "../../../../../../Users/trave/Documents/Unreal Projects/Project2D/Content/StarterContent/Props/Materials/M_Shelf.uasset"
[2018.03.12-01.01.20:148][  0]LogPackFactory: Copied "../../../Samples/StarterContent/Content/StarterContent/Props/Materials/M_Statue.uasset" to "../../../../../../Users/trave/Documents/Unreal Projects/Project2D/Content/StarterContent/Props/Materials/M_Statue.uasset"
[2018.03.12-01.01.20:152][  0]LogPackFactory: Copied "../../../Samples/StarterContent/Content/StarterContent/Props/Materials/M_StatueGlass.uasset" to "../../../../../../Users/trave/Documents/Unreal Projects/Project2D/Content/StarterContent/Props/Materials/M_StatueGlass.uasset"
[2018.03.12-01.01.20:161][  0]LogPackFactory: Copied "../../../Samples/StarterContent/Content/StarterContent/Props/Materials/M_TableRound.uasset" to "../../../../../../Users/trave/Documents/Unreal Projects/Project2D/Content/StarterContent/Props/Materials/M_TableRound.uasset"
[2018.03.12-01.01.20:166][  0]LogPackFactory: Copied "../../../Samples/StarterContent/Content/StarterContent/Shapes/Shape_Cone.uasset" to "../../../../../../Users/trave/Documents/Unreal Projects/Project2D/Content/StarterContent/Shapes/Shape_Cone.uasset"
[2018.03.12-01.01.20:170][  0]LogPackFactory: Copied "../../../Samples/StarterContent/Content/StarterContent/Shapes/Shape_Cube.uasset" to "../../../../../../Users/trave/Documents/Unreal Projects/Project2D/Content/StarterContent/Shapes/Shape_Cube.uasset"
[2018.03.12-01.01.20:175][  0]LogPackFactory: Copied "../../../Samples/StarterContent/Content/StarterContent/Shapes/Shape_Cylinder.uasset" to "../../../../../../Users/trave/Documents/Unreal Projects/Project2D/Content/StarterContent/Shapes/Shape_Cylinder.uasset"
[2018.03.12-01.01.20:181][  0]LogPackFactory: Copied "../../../Samples/StarterContent/Content/StarterContent/Shapes/Shape_NarrowCapsule.uasset" to "../../../../../../Users/trave/Documents/Unreal Projects/Project2D/Content/StarterContent/Shapes/Shape_NarrowCapsule.uasset"
[2018.03.12-01.01.20:189][  0]LogPackFactory: Copied "../../../Samples/StarterContent/Content/StarterContent/Shapes/Shape_Pipe.uasset" to "../../../../../../Users/trave/Documents/Unreal Projects/Project2D/Content/StarterContent/Shapes/Shape_Pipe.uasset"
[2018.03.12-01.01.20:194][  0]LogPackFactory: Copied "../../../Samples/StarterContent/Content/StarterContent/Shapes/Shape_Pipe_180.uasset" to "../../../../../../Users/trave/Documents/Unreal Projects/Project2D/Content/StarterContent/Shapes/Shape_Pipe_180.uasset"
[2018.03.12-01.01.20:198][  0]LogPackFactory: Copied "../../../Samples/StarterContent/Content/StarterContent/Shapes/Shape_Pipe_90.uasset" to "../../../../../../Users/trave/Documents/Unreal Projects/Project2D/Content/StarterContent/Shapes/Shape_Pipe_90.uasset"
[2018.03.12-01.01.20:203][  0]LogPackFactory: Copied "../../../Samples/StarterContent/Content/StarterContent/Shapes/Shape_Plane.uasset" to "../../../../../../Users/trave/Documents/Unreal Projects/Project2D/Content/StarterContent/Shapes/Shape_Plane.uasset"
[2018.03.12-01.01.20:207][  0]LogPackFactory: Copied "../../../Samples/StarterContent/Content/StarterContent/Shapes/Shape_QuadPyramid.uasset" to "../../../../../../Users/trave/Documents/Unreal Projects/Project2D/Content/StarterContent/Shapes/Shape_QuadPyramid.uasset"
[2018.03.12-01.01.20:213][  0]LogPackFactory: Copied "../../../Samples/StarterContent/Content/StarterContent/Shapes/Shape_Sphere.uasset" to "../../../../../../Users/trave/Documents/Unreal Projects/Project2D/Content/StarterContent/Shapes/Shape_Sphere.uasset"
[2018.03.12-01.01.20:228][  0]LogPackFactory: Copied "../../../Samples/StarterContent/Content/StarterContent/Shapes/Shape_Torus.uasset" to "../../../../../../Users/trave/Documents/Unreal Projects/Project2D/Content/StarterContent/Shapes/Shape_Torus.uasset"
[2018.03.12-01.01.20:231][  0]LogPackFactory: Copied "../../../Samples/StarterContent/Content/StarterContent/Shapes/Shape_Trim.uasset" to "../../../../../../Users/trave/Documents/Unreal Projects/Project2D/Content/StarterContent/Shapes/Shape_Trim.uasset"
[2018.03.12-01.01.20:237][  0]LogPackFactory: Copied "../../../Samples/StarterContent/Content/StarterContent/Shapes/Shape_Trim_90_In.uasset" to "../../../../../../Users/trave/Documents/Unreal Projects/Project2D/Content/StarterContent/Shapes/Shape_Trim_90_In.uasset"
[2018.03.12-01.01.20:242][  0]LogPackFactory: Copied "../../../Samples/StarterContent/Content/StarterContent/Shapes/Shape_Trim_90_Out.uasset" to "../../../../../../Users/trave/Documents/Unreal Projects/Project2D/Content/StarterContent/Shapes/Shape_Trim_90_Out.uasset"
[2018.03.12-01.01.20:246][  0]LogPackFactory: Copied "../../../Samples/StarterContent/Content/StarterContent/Shapes/Shape_TriPyramid.uasset" to "../../../../../../Users/trave/Documents/Unreal Projects/Project2D/Content/StarterContent/Shapes/Shape_TriPyramid.uasset"
[2018.03.12-01.01.20:258][  0]LogPackFactory: Copied "../../../Samples/StarterContent/Content/StarterContent/Shapes/Shape_Tube.uasset" to "../../../../../../Users/trave/Documents/Unreal Projects/Project2D/Content/StarterContent/Shapes/Shape_Tube.uasset"
[2018.03.12-01.01.20:309][  0]LogPackFactory: Copied "../../../Samples/StarterContent/Content/StarterContent/Shapes/Shape_Wedge_A.uasset" to "../../../../../../Users/trave/Documents/Unreal Projects/Project2D/Content/StarterContent/Shapes/Shape_Wedge_A.uasset"
[2018.03.12-01.01.20:329][  0]LogPackFactory: Copied "../../../Samples/StarterContent/Content/StarterContent/Shapes/Shape_Wedge_B.uasset" to "../../../../../../Users/trave/Documents/Unreal Projects/Project2D/Content/StarterContent/Shapes/Shape_Wedge_B.uasset"
[2018.03.12-01.01.20:358][  0]LogPackFactory: Copied "../../../Samples/StarterContent/Content/StarterContent/Shapes/Shape_WideCapsule.uasset" to "../../../../../../Users/trave/Documents/Unreal Projects/Project2D/Content/StarterContent/Shapes/Shape_WideCapsule.uasset"
[2018.03.12-01.01.20:512][  0]LogPackFactory: Copied "../../../Samples/StarterContent/Content/StarterContent/Textures/T_Brick_Clay_Beveled_D.uasset" to "../../../../../../Users/trave/Documents/Unreal Projects/Project2D/Content/StarterContent/Textures/T_Brick_Clay_Beveled_D.uasset"
[2018.03.12-01.01.20:633][  0]LogPackFactory: Copied "../../../Samples/StarterContent/Content/StarterContent/Textures/T_Brick_Clay_Beveled_M.uasset" to "../../../../../../Users/trave/Documents/Unreal Projects/Project2D/Content/StarterContent/Textures/T_Brick_Clay_Beveled_M.uasset"
[2018.03.12-01.01.20:782][  0]LogPackFactory: Copied "../../../Samples/StarterContent/Content/StarterContent/Textures/T_Brick_Clay_Beveled_N.uasset" to "../../../../../../Users/trave/Documents/Unreal Projects/Project2D/Content/StarterContent/Textures/T_Brick_Clay_Beveled_N.uasset"
[2018.03.12-01.01.20:861][  0]LogPackFactory: Copied "../../../Samples/StarterContent/Content/StarterContent/Textures/T_Brick_Clay_New_D.uasset" to "../../../../../../Users/trave/Documents/Unreal Projects/Project2D/Content/StarterContent/Textures/T_Brick_Clay_New_D.uasset"
[2018.03.12-01.01.20:935][  0]LogPackFactory: Copied "../../../Samples/StarterContent/Content/StarterContent/Textures/T_Brick_Clay_New_M.uasset" to "../../../../../../Users/trave/Documents/Unreal Projects/Project2D/Content/StarterContent/Textures/T_Brick_Clay_New_M.uasset"
[2018.03.12-01.01.20:997][  0]LogPackFactory: Copied "../../../Samples/StarterContent/Content/StarterContent/Textures/T_Brick_Clay_New_N.uasset" to "../../../../../../Users/trave/Documents/Unreal Projects/Project2D/Content/StarterContent/Textures/T_Brick_Clay_New_N.uasset"
[2018.03.12-01.01.21:141][  0]LogPackFactory: Copied "../../../Samples/StarterContent/Content/StarterContent/Textures/T_Brick_Clay_Old_D.uasset" to "../../../../../../Users/trave/Documents/Unreal Projects/Project2D/Content/StarterContent/Textures/T_Brick_Clay_Old_D.uasset"
[2018.03.12-01.01.21:208][  0]LogPackFactory: Copied "../../../Samples/StarterContent/Content/StarterContent/Textures/T_Brick_Clay_Old_N.uasset" to "../../../../../../Users/trave/Documents/Unreal Projects/Project2D/Content/StarterContent/Textures/T_Brick_Clay_Old_N.uasset"
[2018.03.12-01.01.21:369][  0]LogPackFactory: Copied "../../../Samples/StarterContent/Content/StarterContent/Textures/T_Brick_Cut_Stone_D.uasset" to "../../../../../../Users/trave/Documents/Unreal Projects/Project2D/Content/StarterContent/Textures/T_Brick_Cut_Stone_D.uasset"
[2018.03.12-01.01.21:427][  0]LogPackFactory: Copied "../../../Samples/StarterContent/Content/StarterContent/Textures/T_Brick_Cut_Stone_N.uasset" to "../../../../../../Users/trave/Documents/Unreal Projects/Project2D/Content/StarterContent/Textures/T_Brick_Cut_Stone_N.uasset"
[2018.03.12-01.01.21:499][  0]LogPackFactory: Copied "../../../Samples/StarterContent/Content/StarterContent/Textures/T_Brick_Hewn_Stone_D.uasset" to "../../../../../../Users/trave/Documents/Unreal Projects/Project2D/Content/StarterContent/Textures/T_Brick_Hewn_Stone_D.uasset"
[2018.03.12-01.01.21:565][  0]LogPackFactory: Copied "../../../Samples/StarterContent/Content/StarterContent/Textures/T_Brick_Hewn_Stone_M.uasset" to "../../../../../../Users/trave/Documents/Unreal Projects/Project2D/Content/StarterContent/Textures/T_Brick_Hewn_Stone_M.uasset"
[2018.03.12-01.01.22:092][  0]LogPackFactory: Copied "../../../Samples/StarterContent/Content/StarterContent/Textures/T_Brick_Hewn_Stone_N.uasset" to "../../../../../../Users/trave/Documents/Unreal Projects/Project2D/Content/StarterContent/Textures/T_Brick_Hewn_Stone_N.uasset"
[2018.03.12-01.01.22:128][  0]LogPackFactory: Copied "../../../Samples/StarterContent/Content/StarterContent/Textures/T_Burst_M.uasset" to "../../../../../../Users/trave/Documents/Unreal Projects/Project2D/Content/StarterContent/Textures/T_Burst_M.uasset"
[2018.03.12-01.01.22:237][  0]LogPackFactory: Copied "../../../Samples/StarterContent/Content/StarterContent/Textures/T_Bush_D.uasset" to "../../../../../../Users/trave/Documents/Unreal Projects/Project2D/Content/StarterContent/Textures/T_Bush_D.uasset"
[2018.03.12-01.01.22:352][  0]LogPackFactory: Copied "../../../Samples/StarterContent/Content/StarterContent/Textures/T_Bush_N.uasset" to "../../../../../../Users/trave/Documents/Unreal Projects/Project2D/Content/StarterContent/Textures/T_Bush_N.uasset"
[2018.03.12-01.01.22:416][  0]LogPackFactory: Copied "../../../Samples/StarterContent/Content/StarterContent/Textures/T_Ceramic_Tile_M.uasset" to "../../../../../../Users/trave/Documents/Unreal Projects/Project2D/Content/StarterContent/Textures/T_Ceramic_Tile_M.uasset"
[2018.03.12-01.01.22:469][  0]LogPackFactory: Copied "../../../Samples/StarterContent/Content/StarterContent/Textures/T_Ceramic_Tile_N.uasset" to "../../../../../../Users/trave/Documents/Unreal Projects/Project2D/Content/StarterContent/Textures/T_Ceramic_Tile_N.uasset"
[2018.03.12-01.01.22:596][  0]LogPackFactory: Copied "../../../Samples/StarterContent/Content/StarterContent/Textures/T_Chair_M.uasset" to "../../../../../../Users/trave/Documents/Unreal Projects/Project2D/Content/StarterContent/Textures/T_Chair_M.uasset"
[2018.03.12-01.01.22:783][  0]LogPackFactory: Copied "../../../Samples/StarterContent/Content/StarterContent/Textures/T_Chair_N.uasset" to "../../../../../../Users/trave/Documents/Unreal Projects/Project2D/Content/StarterContent/Textures/T_Chair_N.uasset"
[2018.03.12-01.01.22:798][  0]LogPackFactory: Copied "../../../Samples/StarterContent/Content/StarterContent/Textures/T_Checker_Noise_M.uasset" to "../../../../../../Users/trave/Documents/Unreal Projects/Project2D/Content/StarterContent/Textures/T_Checker_Noise_M.uasset"
[2018.03.12-01.01.22:977][  0]LogPackFactory: Copied "../../../Samples/StarterContent/Content/StarterContent/Textures/T_CobbleStone_Pebble_D.uasset" to "../../../../../../Users/trave/Documents/Unreal Projects/Project2D/Content/StarterContent/Textures/T_CobbleStone_Pebble_D.uasset"
[2018.03.12-01.01.23:098][  0]LogPackFactory: Copied "../../../Samples/StarterContent/Content/StarterContent/Textures/T_CobbleStone_Pebble_M.uasset" to "../../../../../../Users/trave/Documents/Unreal Projects/Project2D/Content/StarterContent/Textures/T_CobbleStone_Pebble_M.uasset"
[2018.03.12-01.01.23:323][  0]LogPackFactory: Copied "../../../Samples/StarterContent/Content/StarterContent/Textures/T_CobbleStone_Pebble_N.uasset" to "../../../../../../Users/trave/Documents/Unreal Projects/Project2D/Content/StarterContent/Textures/T_CobbleStone_Pebble_N.uasset"
[2018.03.12-01.01.23:360][  0]LogPackFactory: Copied "../../../Samples/StarterContent/Content/StarterContent/Textures/T_CobbleStone_Rough_D.uasset" to "../../../../../../Users/trave/Documents/Unreal Projects/Project2D/Content/StarterContent/Textures/T_CobbleStone_Rough_D.uasset"
[2018.03.12-01.01.23:387][  0]LogPackFactory: Copied "../../../Samples/StarterContent/Content/StarterContent/Textures/T_CobbleStone_Rough_N.uasset" to "../../../../../../Users/trave/Documents/Unreal Projects/Project2D/Content/StarterContent/Textures/T_CobbleStone_Rough_N.uasset"
[2018.03.12-01.01.23:444][  0]LogPackFactory: Copied "../../../Samples/StarterContent/Content/StarterContent/Textures/T_CobbleStone_Smooth_D.uasset" to "../../../../../../Users/trave/Documents/Unreal Projects/Project2D/Content/StarterContent/Textures/T_CobbleStone_Smooth_D.uasset"
[2018.03.12-01.01.23:499][  0]LogPackFactory: Copied "../../../Samples/StarterContent/Content/StarterContent/Textures/T_CobbleStone_Smooth_M.uasset" to "../../../../../../Users/trave/Documents/Unreal Projects/Project2D/Content/StarterContent/Textures/T_CobbleStone_Smooth_M.uasset"
[2018.03.12-01.01.23:571][  0]LogPackFactory: Copied "../../../Samples/StarterContent/Content/StarterContent/Textures/T_CobbleStone_Smooth_N.uasset" to "../../../../../../Users/trave/Documents/Unreal Projects/Project2D/Content/StarterContent/Textures/T_CobbleStone_Smooth_N.uasset"
[2018.03.12-01.01.23:655][  0]LogPackFactory: Copied "../../../Samples/StarterContent/Content/StarterContent/Textures/T_Concrete_Grime_D.uasset" to "../../../../../../Users/trave/Documents/Unreal Projects/Project2D/Content/StarterContent/Textures/T_Concrete_Grime_D.uasset"
[2018.03.12-01.01.23:745][  0]LogPackFactory: Copied "../../../Samples/StarterContent/Content/StarterContent/Textures/T_Concrete_Panels_D.uasset" to "../../../../../../Users/trave/Documents/Unreal Projects/Project2D/Content/StarterContent/Textures/T_Concrete_Panels_D.uasset"
[2018.03.12-01.01.23:836][  0]LogPackFactory: Copied "../../../Samples/StarterContent/Content/StarterContent/Textures/T_Concrete_Panels_N.uasset" to "../../../../../../Users/trave/Documents/Unreal Projects/Project2D/Content/StarterContent/Textures/T_Concrete_Panels_N.uasset"
[2018.03.12-01.01.23:985][  0]LogPackFactory: Copied "../../../Samples/StarterContent/Content/StarterContent/Textures/T_Concrete_Poured_D.uasset" to "../../../../../../Users/trave/Documents/Unreal Projects/Project2D/Content/StarterContent/Textures/T_Concrete_Poured_D.uasset"
[2018.03.12-01.01.24:049][  0]LogPackFactory: Copied "../../../Samples/StarterContent/Content/StarterContent/Textures/T_Concrete_Poured_N.uasset" to "../../../../../../Users/trave/Documents/Unreal Projects/Project2D/Content/StarterContent/Textures/T_Concrete_Poured_N.uasset"
[2018.03.12-01.01.24:276][  0]LogPackFactory: Copied "../../../Samples/StarterContent/Content/StarterContent/Textures/T_Concrete_Tiles_D.uasset" to "../../../../../../Users/trave/Documents/Unreal Projects/Project2D/Content/StarterContent/Textures/T_Concrete_Tiles_D.uasset"
[2018.03.12-01.01.24:325][  0]LogPackFactory: Copied "../../../Samples/StarterContent/Content/StarterContent/Textures/T_Concrete_Tiles_M.uasset" to "../../../../../../Users/trave/Documents/Unreal Projects/Project2D/Content/StarterContent/Textures/T_Concrete_Tiles_M.uasset"
[2018.03.12-01.01.26:200][  0]LogPackFactory: Copied "../../../Samples/StarterContent/Content/StarterContent/Textures/T_Concrete_Tiles_N.uasset" to "../../../../../../Users/trave/Documents/Unreal Projects/Project2D/Content/StarterContent/Textures/T_Concrete_Tiles_N.uasset"
[2018.03.12-01.01.26:331][  0]LogPackFactory: Copied "../../../Samples/StarterContent/Content/StarterContent/Textures/T_Concrete_Tiles_Variation_M.uasset" to "../../../../../../Users/trave/Documents/Unreal Projects/Project2D/Content/StarterContent/Textures/T_Concrete_Tiles_Variation_M.uasset"
[2018.03.12-01.01.28:359][  0]LogPackFactory: Copied "../../../Samples/StarterContent/Content/StarterContent/Textures/T_Detail_Rocky_N.uasset" to "../../../../../../Users/trave/Documents/Unreal Projects/Project2D/Content/StarterContent/Textures/T_Detail_Rocky_N.uasset"
[2018.03.12-01.01.29:005][  0]LogPackFactory: Copied "../../../Samples/StarterContent/Content/StarterContent/Textures/T_Door_M.uasset" to "../../../../../../Users/trave/Documents/Unreal Projects/Project2D/Content/StarterContent/Textures/T_Door_M.uasset"
[2018.03.12-01.01.30:409][  0]LogPackFactory: Copied "../../../Samples/StarterContent/Content/StarterContent/Textures/T_Door_N.uasset" to "../../../../../../Users/trave/Documents/Unreal Projects/Project2D/Content/StarterContent/Textures/T_Door_N.uasset"
[2018.03.12-01.01.30:485][  0]LogPackFactory: Copied "../../../Samples/StarterContent/Content/StarterContent/Textures/T_Dust_Particle_D.uasset" to "../../../../../../Users/trave/Documents/Unreal Projects/Project2D/Content/StarterContent/Textures/T_Dust_Particle_D.uasset"
[2018.03.12-01.01.32:498][  0]LogPackFactory: Copied "../../../Samples/StarterContent/Content/StarterContent/Textures/T_Explosion_SubUV.uasset" to "../../../../../../Users/trave/Documents/Unreal Projects/Project2D/Content/StarterContent/Textures/T_Explosion_SubUV.uasset"
[2018.03.12-01.01.32:509][  0]LogPackFactory: Copied "../../../Samples/StarterContent/Content/StarterContent/Textures/T_Fire_SubUV.uasset" to "../../../../../../Users/trave/Documents/Unreal Projects/Project2D/Content/StarterContent/Textures/T_Fire_SubUV.uasset"
[2018.03.12-01.01.32:519][  0]LogPackFactory: Copied "../../../Samples/StarterContent/Content/StarterContent/Textures/T_Fire_Tiled_D.uasset" to "../../../../../../Users/trave/Documents/Unreal Projects/Project2D/Content/StarterContent/Textures/T_Fire_Tiled_D.uasset"
[2018.03.12-01.01.32:531][  0]LogPackFactory: Copied "../../../Samples/StarterContent/Content/StarterContent/Textures/T_Frame_M.uasset" to "../../../../../../Users/trave/Documents/Unreal Projects/Project2D/Content/StarterContent/Textures/T_Frame_M.uasset"
[2018.03.12-01.01.32:550][  0]LogPackFactory: Copied "../../../Samples/StarterContent/Content/StarterContent/Textures/T_Frame_N.uasset" to "../../../../../../Users/trave/Documents/Unreal Projects/Project2D/Content/StarterContent/Textures/T_Frame_N.uasset"
[2018.03.12-01.01.32:556][  0]LogPackFactory: Copied "../../../Samples/StarterContent/Content/StarterContent/Textures/T_Gradinet_01.uasset" to "../../../../../../Users/trave/Documents/Unreal Projects/Project2D/Content/StarterContent/Textures/T_Gradinet_01.uasset"
[2018.03.12-01.01.32:744][  0]LogPackFactory: Copied "../../../Samples/StarterContent/Content/StarterContent/Textures/T_Ground_Grass_D.uasset" to "../../../../../../Users/trave/Documents/Unreal Projects/Project2D/Content/StarterContent/Textures/T_Ground_Grass_D.uasset"
[2018.03.12-01.01.32:908][  0]LogPackFactory: Copied "../../../Samples/StarterContent/Content/StarterContent/Textures/T_Ground_Grass_N.uasset" to "../../../../../../Users/trave/Documents/Unreal Projects/Project2D/Content/StarterContent/Textures/T_Ground_Grass_N.uasset"
[2018.03.12-01.01.33:020][  0]LogPackFactory: Copied "../../../Samples/StarterContent/Content/StarterContent/Textures/T_Ground_Gravel_D.uasset" to "../../../../../../Users/trave/Documents/Unreal Projects/Project2D/Content/StarterContent/Textures/T_Ground_Gravel_D.uasset"
[2018.03.12-01.01.33:179][  0]LogPackFactory: Copied "../../../Samples/StarterContent/Content/StarterContent/Textures/T_Ground_Gravel_N.uasset" to "../../../../../../Users/trave/Documents/Unreal Projects/Project2D/Content/StarterContent/Textures/T_Ground_Gravel_N.uasset"
[2018.03.12-01.01.33:520][  0]LogPackFactory: Copied "../../../Samples/StarterContent/Content/StarterContent/Textures/T_ground_Moss_D.uasset" to "../../../../../../Users/trave/Documents/Unreal Projects/Project2D/Content/StarterContent/Textures/T_ground_Moss_D.uasset"
[2018.03.12-01.01.33:692][  0]LogPackFactory: Copied "../../../Samples/StarterContent/Content/StarterContent/Textures/T_Ground_Moss_N.uasset" to "../../../../../../Users/trave/Documents/Unreal Projects/Project2D/Content/StarterContent/Textures/T_Ground_Moss_N.uasset"
[2018.03.12-01.01.33:850][  0]LogPackFactory: Copied "../../../Samples/StarterContent/Content/StarterContent/Textures/T_Lamp_M.uasset" to "../../../../../../Users/trave/Documents/Unreal Projects/Project2D/Content/StarterContent/Textures/T_Lamp_M.uasset"
[2018.03.12-01.01.34:111][  0]LogPackFactory: Copied "../../../Samples/StarterContent/Content/StarterContent/Textures/T_Lamp_N.uasset" to "../../../../../../Users/trave/Documents/Unreal Projects/Project2D/Content/StarterContent/Textures/T_Lamp_N.uasset"
[2018.03.12-01.01.38:901][  0]LogPackFactory: Copied "../../../Samples/StarterContent/Content/StarterContent/Textures/T_MacroVariation.uasset" to "../../../../../../Users/trave/Documents/Unreal Projects/Project2D/Content/StarterContent/Textures/T_MacroVariation.uasset"
[2018.03.12-01.01.43:808][  0]LogPackFactory: Copied "../../../Samples/StarterContent/Content/StarterContent/Textures/T_Metal_Aluminum_D.uasset" to "../../../../../../Users/trave/Documents/Unreal Projects/Project2D/Content/StarterContent/Textures/T_Metal_Aluminum_D.uasset"
